2021-06-20 22:38:20,087 INFO       client Запуск Клиента
2021-06-20 22:38:25,807 INFO       client Начало инициализации
2021-06-20 22:38:25,808 INFO       Client_models Инициализация сокета прошла успешна.
2021-06-20 22:38:25,808 INFO       client Отправка данных на сервер
2021-06-20 22:38:25,808 INFO       Client_models Начинается отправка сообщения на сервер.
2021-06-20 22:38:25,811 INFO       Client_models Сообщение от сервера {'respons': 401, 'message': 'Ошибка авторизации пользователя Nikolay в базе не существует '}
2021-06-20 22:38:25,811 INFO       Client_models Сокет успешно закрыт
2021-06-20 22:41:25,539 INFO       client Запуск Клиента
2021-06-20 22:41:34,948 INFO       deco Функция с именем main вызвана, аргумент (),{}. Вызов из <module>.
2021-06-20 22:41:53,524 INFO       client Начало инициализации
2021-06-20 22:41:54,092 INFO       Client_models Инициализация сокета прошла успешна.
2021-06-20 22:41:55,836 INFO       client Отправка данных на сервер
2021-06-20 22:41:55,836 INFO       Client_models Начинается отправка сообщения на сервер.
2021-06-20 22:41:55,840 INFO       Client_models Сообщение от сервера {'respons': 401, 'message': 'Ошибка авторизации пользователя Nikolay в базе не существует '}
2021-06-20 22:41:55,841 INFO       Client_models Сокет успешно закрыт
2021-06-20 22:49:53,514 INFO       client Запуск Клиента
2021-06-20 22:50:04,288 CRITICAL   client Ошибка запуска free variable 'logger' referenced before assignment in enclosing scope
2021-06-20 22:51:46,105 INFO       client Запуск Клиента
2021-06-20 22:51:49,799 INFO       deco Функция с именем client вызвана, аргумент (),{}. Вызов из <module>.
2021-06-20 22:54:24,071 INFO       client Запуск Клиента
2021-06-20 22:55:55,377 INFO       client Запуск Клиента
2021-06-20 23:00:48,316 INFO       client Запуск Клиента
2021-06-20 23:04:28,654 INFO       client Запуск Клиента
2021-06-20 23:05:32,007 INFO       client Запуск Клиента
2021-06-20 23:06:26,508 INFO       client Начало инициализации
2021-06-20 23:06:27,080 INFO       Client_models Инициализация сокета прошла успешна.
2021-06-20 23:06:27,560 INFO       client Отправка данных на сервер
2021-06-20 23:06:28,095 INFO       Client_models Начинается отправка сообщения на сервер.
2021-06-20 23:06:28,099 INFO       Client_models Сообщение от сервера {'respons': 200, 'message': 'Авторизация прошла успешная.Добро пожаловать в чат Nikolay '}
2021-06-20 23:06:28,099 INFO       Client_models Сокет успешно закрыт
2021-06-20 23:07:18,410 INFO       client Запуск Клиента
2021-06-20 23:07:48,373 INFO       client Начало инициализации
2021-06-20 23:07:48,374 INFO       Client_models Инициализация сокета прошла успешна.
2021-06-20 23:07:48,374 INFO       client Отправка данных на сервер
2021-06-20 23:07:48,374 INFO       Client_models Начинается отправка сообщения на сервер.
2021-06-20 23:07:48,377 INFO       Client_models Сообщение от сервера {'respons': 401, 'message': 'Ошибка авторизации пользователя adasd в базе не существует '}
2021-06-20 23:07:48,378 INFO       Client_models Сокет успешно закрыт
2021-06-20 23:07:50,637 INFO       client Начало инициализации
2021-06-20 23:07:50,637 INFO       Client_models Инициализация сокета прошла успешна.
2021-06-20 23:07:50,637 INFO       client Отправка данных на сервер
2021-06-20 23:07:50,637 INFO       Client_models Начинается отправка сообщения на сервер.
2021-06-20 23:07:50,638 INFO       Client_models Сообщение от сервера {'respons': 401, 'message': 'Ошибка авторизации пользователя asd в базе не существует '}
2021-06-20 23:07:50,639 INFO       Client_models Сокет успешно закрыт
2021-06-20 23:07:51,733 INFO       client Начало инициализации
2021-06-20 23:07:51,733 INFO       Client_models Инициализация сокета прошла успешна.
2021-06-20 23:07:51,733 INFO       client Отправка данных на сервер
2021-06-20 23:07:51,734 INFO       Client_models Начинается отправка сообщения на сервер.
2021-06-20 23:07:51,735 INFO       Client_models Сообщение от сервера {'respons': 401, 'message': 'Ошибка авторизации пользователя asd в базе не существует '}
2021-06-20 23:07:51,735 INFO       Client_models Сокет успешно закрыт
2021-06-20 23:07:52,524 INFO       client Начало инициализации
2021-06-20 23:07:52,525 INFO       Client_models Инициализация сокета прошла успешна.
2021-06-20 23:07:52,525 INFO       client Отправка данных на сервер
2021-06-20 23:07:52,525 INFO       Client_models Начинается отправка сообщения на сервер.
2021-06-20 23:07:52,526 INFO       Client_models Сообщение от сервера {'respons': 401, 'message': 'Ошибка авторизации пользователя asd в базе не существует '}
2021-06-20 23:07:52,527 INFO       Client_models Сокет успешно закрыт
2021-06-20 23:07:52,991 INFO       client Начало инициализации
2021-06-20 23:07:52,991 INFO       Client_models Инициализация сокета прошла успешна.
2021-06-20 23:07:52,991 INFO       client Отправка данных на сервер
2021-06-20 23:07:52,991 INFO       Client_models Начинается отправка сообщения на сервер.
2021-06-20 23:07:52,992 INFO       Client_models Сообщение от сервера {'respons': 401, 'message': 'Ошибка авторизации пользователя d в базе не существует '}
2021-06-20 23:07:52,993 INFO       Client_models Сокет успешно закрыт
2021-06-20 23:07:53,348 INFO       client Начало инициализации
2021-06-20 23:07:53,349 INFO       Client_models Инициализация сокета прошла успешна.
2021-06-20 23:07:53,349 INFO       client Отправка данных на сервер
2021-06-20 23:07:53,349 INFO       Client_models Начинается отправка сообщения на сервер.
2021-06-20 23:07:53,350 INFO       Client_models Сообщение от сервера {'respons': 401, 'message': 'Ошибка авторизации пользователя d в базе не существует '}
2021-06-20 23:07:53,350 INFO       Client_models Сокет успешно закрыт
2021-06-20 23:07:53,690 INFO       client Начало инициализации
2021-06-20 23:07:53,690 INFO       Client_models Инициализация сокета прошла успешна.
2021-06-20 23:07:53,691 INFO       client Отправка данных на сервер
2021-06-20 23:07:53,691 INFO       Client_models Начинается отправка сообщения на сервер.
2021-06-20 23:07:53,692 INFO       Client_models Сообщение от сервера {'respons': 401, 'message': 'Ошибка авторизации пользователя ds в базе не существует '}
2021-06-20 23:07:53,692 INFO       Client_models Сокет успешно закрыт
2021-06-20 23:07:54,015 INFO       client Начало инициализации
2021-06-20 23:07:54,015 INFO       Client_models Инициализация сокета прошла успешна.
2021-06-20 23:07:54,015 INFO       client Отправка данных на сервер
2021-06-20 23:07:54,015 INFO       Client_models Начинается отправка сообщения на сервер.
2021-06-20 23:07:54,016 INFO       Client_models Сообщение от сервера {'respons': 401, 'message': 'Ошибка авторизации пользователя a в базе не существует '}
2021-06-20 23:07:54,016 INFO       Client_models Сокет успешно закрыт
2021-06-20 23:07:54,327 INFO       client Начало инициализации
2021-06-20 23:07:54,328 INFO       Client_models Инициализация сокета прошла успешна.
2021-06-20 23:07:54,328 INFO       client Отправка данных на сервер
2021-06-20 23:07:54,328 INFO       Client_models Начинается отправка сообщения на сервер.
2021-06-20 23:07:54,330 INFO       Client_models Сообщение от сервера {'respons': 401, 'message': 'Ошибка авторизации пользователя sd в базе не существует '}
2021-06-20 23:07:54,330 INFO       Client_models Сокет успешно закрыт
2021-06-20 23:20:16,004 INFO       client Запуск Клиента
2021-06-20 23:21:31,581 INFO       client Запуск Клиента
2021-06-20 23:21:40,219 INFO       client Начало инициализации
2021-06-20 23:21:40,220 INFO       Client_models Инициализация сокета прошла успешна.
2021-06-20 23:21:40,220 INFO       client Отправка данных на сервер
2021-06-20 23:21:40,220 INFO       Client_models Начинается отправка сообщения на сервер.
2021-06-20 23:21:40,223 INFO       Client_models Сообщение от сервера {'respons': 401, 'message': 'Ошибка авторизации пользователя Nikolay в базе не существует '}
2021-06-20 23:21:40,223 INFO       Client_models Сокет успешно закрыт
2021-06-20 23:22:51,586 INFO       client Запуск Клиента
2021-06-20 23:23:46,739 INFO       client Запуск Клиента
2021-06-20 23:25:07,638 INFO       client Запуск Клиента
2021-06-20 23:25:10,346 INFO       deco Функция с именем client вызвана, аргумент (),{}. Вызов из wrapper.
2021-06-20 23:25:52,650 INFO       client Запуск Клиента
