2021-06-20 22:38:20,087 INFO       client Запуск Клиента
2021-06-20 22:38:25,807 INFO       client Начало инициализации
2021-06-20 22:38:25,808 INFO       Client_models Инициализация сокета прошла успешна.
2021-06-20 22:38:25,808 INFO       client Отправка данных на сервер
2021-06-20 22:38:25,808 INFO       Client_models Начинается отправка сообщения на сервер.
2021-06-20 22:38:25,811 INFO       Client_models Сообщение от сервера {'respons': 401, 'message': 'Ошибка авторизации пользователя Nikolay в базе не существует '}
2021-06-20 22:38:25,811 INFO       Client_models Сокет успешно закрыт
2021-06-20 22:41:25,539 INFO       client Запуск Клиента
2021-06-20 22:41:34,948 INFO       deco Функция с именем main вызвана, аргумент (),{}. Вызов из <module>.
2021-06-20 22:41:53,524 INFO       client Начало инициализации
2021-06-20 22:41:54,092 INFO       Client_models Инициализация сокета прошла успешна.
2021-06-20 22:41:55,836 INFO       client Отправка данных на сервер
2021-06-20 22:41:55,836 INFO       Client_models Начинается отправка сообщения на сервер.
2021-06-20 22:41:55,840 INFO       Client_models Сообщение от сервера {'respons': 401, 'message': 'Ошибка авторизации пользователя Nikolay в базе не существует '}
2021-06-20 22:41:55,841 INFO       Client_models Сокет успешно закрыт
2021-06-20 22:49:53,514 INFO       client Запуск Клиента
2021-06-20 22:50:04,288 CRITICAL   client Ошибка запуска free variable 'logger' referenced before assignment in enclosing scope
2021-06-20 22:51:46,105 INFO       client Запуск Клиента
2021-06-20 22:51:49,799 INFO       deco Функция с именем client вызвана, аргумент (),{}. Вызов из <module>.
2021-06-20 22:54:24,071 INFO       client Запуск Клиента
2021-06-20 22:55:55,377 INFO       client Запуск Клиента
2021-06-20 23:00:48,316 INFO       client Запуск Клиента
2021-06-20 23:04:28,654 INFO       client Запуск Клиента
2021-06-20 23:05:32,007 INFO       client Запуск Клиента
2021-06-20 23:06:26,508 INFO       client Начало инициализации
2021-06-20 23:06:27,080 INFO       Client_models Инициализация сокета прошла успешна.
2021-06-20 23:06:27,560 INFO       client Отправка данных на сервер
2021-06-20 23:06:28,095 INFO       Client_models Начинается отправка сообщения на сервер.
2021-06-20 23:06:28,099 INFO       Client_models Сообщение от сервера {'respons': 200, 'message': 'Авторизация прошла успешная.Добро пожаловать в чат Nikolay '}
2021-06-20 23:06:28,099 INFO       Client_models Сокет успешно закрыт
2021-06-20 23:07:18,410 INFO       client Запуск Клиента
2021-06-20 23:07:48,373 INFO       client Начало инициализации
2021-06-20 23:07:48,374 INFO       Client_models Инициализация сокета прошла успешна.
2021-06-20 23:07:48,374 INFO       client Отправка данных на сервер
2021-06-20 23:07:48,374 INFO       Client_models Начинается отправка сообщения на сервер.
2021-06-20 23:07:48,377 INFO       Client_models Сообщение от сервера {'respons': 401, 'message': 'Ошибка авторизации пользователя adasd в базе не существует '}
2021-06-20 23:07:48,378 INFO       Client_models Сокет успешно закрыт
2021-06-20 23:07:50,637 INFO       client Начало инициализации
2021-06-20 23:07:50,637 INFO       Client_models Инициализация сокета прошла успешна.
2021-06-20 23:07:50,637 INFO       client Отправка данных на сервер
2021-06-20 23:07:50,637 INFO       Client_models Начинается отправка сообщения на сервер.
2021-06-20 23:07:50,638 INFO       Client_models Сообщение от сервера {'respons': 401, 'message': 'Ошибка авторизации пользователя asd в базе не существует '}
2021-06-20 23:07:50,639 INFO       Client_models Сокет успешно закрыт
2021-06-20 23:07:51,733 INFO       client Начало инициализации
2021-06-20 23:07:51,733 INFO       Client_models Инициализация сокета прошла успешна.
2021-06-20 23:07:51,733 INFO       client Отправка данных на сервер
2021-06-20 23:07:51,734 INFO       Client_models Начинается отправка сообщения на сервер.
2021-06-20 23:07:51,735 INFO       Client_models Сообщение от сервера {'respons': 401, 'message': 'Ошибка авторизации пользователя asd в базе не существует '}
2021-06-20 23:07:51,735 INFO       Client_models Сокет успешно закрыт
2021-06-20 23:07:52,524 INFO       client Начало инициализации
2021-06-20 23:07:52,525 INFO       Client_models Инициализация сокета прошла успешна.
2021-06-20 23:07:52,525 INFO       client Отправка данных на сервер
2021-06-20 23:07:52,525 INFO       Client_models Начинается отправка сообщения на сервер.
2021-06-20 23:07:52,526 INFO       Client_models Сообщение от сервера {'respons': 401, 'message': 'Ошибка авторизации пользователя asd в базе не существует '}
2021-06-20 23:07:52,527 INFO       Client_models Сокет успешно закрыт
2021-06-20 23:07:52,991 INFO       client Начало инициализации
2021-06-20 23:07:52,991 INFO       Client_models Инициализация сокета прошла успешна.
2021-06-20 23:07:52,991 INFO       client Отправка данных на сервер
2021-06-20 23:07:52,991 INFO       Client_models Начинается отправка сообщения на сервер.
2021-06-20 23:07:52,992 INFO       Client_models Сообщение от сервера {'respons': 401, 'message': 'Ошибка авторизации пользователя d в базе не существует '}
2021-06-20 23:07:52,993 INFO       Client_models Сокет успешно закрыт
2021-06-20 23:07:53,348 INFO       client Начало инициализации
2021-06-20 23:07:53,349 INFO       Client_models Инициализация сокета прошла успешна.
2021-06-20 23:07:53,349 INFO       client Отправка данных на сервер
2021-06-20 23:07:53,349 INFO       Client_models Начинается отправка сообщения на сервер.
2021-06-20 23:07:53,350 INFO       Client_models Сообщение от сервера {'respons': 401, 'message': 'Ошибка авторизации пользователя d в базе не существует '}
2021-06-20 23:07:53,350 INFO       Client_models Сокет успешно закрыт
2021-06-20 23:07:53,690 INFO       client Начало инициализации
2021-06-20 23:07:53,690 INFO       Client_models Инициализация сокета прошла успешна.
2021-06-20 23:07:53,691 INFO       client Отправка данных на сервер
2021-06-20 23:07:53,691 INFO       Client_models Начинается отправка сообщения на сервер.
2021-06-20 23:07:53,692 INFO       Client_models Сообщение от сервера {'respons': 401, 'message': 'Ошибка авторизации пользователя ds в базе не существует '}
2021-06-20 23:07:53,692 INFO       Client_models Сокет успешно закрыт
2021-06-20 23:07:54,015 INFO       client Начало инициализации
2021-06-20 23:07:54,015 INFO       Client_models Инициализация сокета прошла успешна.
2021-06-20 23:07:54,015 INFO       client Отправка данных на сервер
2021-06-20 23:07:54,015 INFO       Client_models Начинается отправка сообщения на сервер.
2021-06-20 23:07:54,016 INFO       Client_models Сообщение от сервера {'respons': 401, 'message': 'Ошибка авторизации пользователя a в базе не существует '}
2021-06-20 23:07:54,016 INFO       Client_models Сокет успешно закрыт
2021-06-20 23:07:54,327 INFO       client Начало инициализации
2021-06-20 23:07:54,328 INFO       Client_models Инициализация сокета прошла успешна.
2021-06-20 23:07:54,328 INFO       client Отправка данных на сервер
2021-06-20 23:07:54,328 INFO       Client_models Начинается отправка сообщения на сервер.
2021-06-20 23:07:54,330 INFO       Client_models Сообщение от сервера {'respons': 401, 'message': 'Ошибка авторизации пользователя sd в базе не существует '}
2021-06-20 23:07:54,330 INFO       Client_models Сокет успешно закрыт
2021-06-20 23:20:16,004 INFO       client Запуск Клиента
2021-06-20 23:21:31,581 INFO       client Запуск Клиента
2021-06-20 23:21:40,219 INFO       client Начало инициализации
2021-06-20 23:21:40,220 INFO       Client_models Инициализация сокета прошла успешна.
2021-06-20 23:21:40,220 INFO       client Отправка данных на сервер
2021-06-20 23:21:40,220 INFO       Client_models Начинается отправка сообщения на сервер.
2021-06-20 23:21:40,223 INFO       Client_models Сообщение от сервера {'respons': 401, 'message': 'Ошибка авторизации пользователя Nikolay в базе не существует '}
2021-06-20 23:21:40,223 INFO       Client_models Сокет успешно закрыт
2021-06-20 23:22:51,586 INFO       client Запуск Клиента
2021-06-20 23:23:46,739 INFO       client Запуск Клиента
2021-06-20 23:25:07,638 INFO       client Запуск Клиента
2021-06-20 23:25:10,346 INFO       deco Функция с именем client вызвана, аргумент (),{}. Вызов из wrapper.
2021-06-20 23:25:52,650 INFO       client Запуск Клиента
2021-06-20 23:31:39,269 INFO       client Запуск Клиента
2021-06-20 23:31:40,882 INFO       deco Функция с именем client вызвана, аргумент (),{}. Вызов из __main__.
2021-06-26 13:50:50,732 INFO       client Запуск Клиента
2021-06-26 13:50:50,733 INFO       deco Функция с именем client вызвана, аргумент (),{}. Вызов из __main__.
2021-06-26 13:51:11,328 INFO       client Начало инициализации отправки сообщения
2021-06-26 13:51:11,328 INFO       Client_models Инициализация сокета прошла успешна.
2021-06-26 13:51:11,329 INFO       client Отправка данных на сервер для отправки сообщения
2021-06-26 13:51:11,329 INFO       Client_models Начинается отправка сообщения на сервер.
2021-06-26 13:51:11,333 INFO       Client_models Сообщение отправлено Hi
2021-06-26 13:51:11,333 CRITICAL   client Ошибка запуска Ran out of input
2021-06-26 13:52:54,593 INFO       client Запуск Клиента
2021-06-26 13:52:54,593 INFO       deco Функция с именем client вызвана, аргумент (),{}. Вызов из __main__.
2021-06-26 13:53:12,820 INFO       client Начало инициализации отправки сообщения
2021-06-26 13:53:12,820 INFO       Client_models Инициализация сокета прошла успешна.
2021-06-26 13:53:12,820 INFO       client Отправка данных на сервер для отправки сообщения
2021-06-26 13:53:20,703 INFO       Client_models Начинается отправка сообщения на сервер.
2021-06-26 13:53:43,738 INFO       Client_models Сообщение отправлено Hi
2021-06-26 13:53:56,845 CRITICAL   client Ошибка запуска Ran out of input
2021-06-26 15:30:08,538 INFO       client Запуск Клиента
2021-06-26 15:30:08,538 INFO       deco Функция с именем client вызвана, аргумент (),{}. Вызов из __main__.
2021-06-26 15:30:20,594 INFO       client Начало инициализации отправки сообщения
2021-06-26 15:30:20,594 INFO       Client_models Инициализация сокета прошла успешна.
2021-06-26 15:30:20,595 INFO       client Отправка данных на сервер для отправки сообщения
2021-06-26 15:30:23,423 INFO       Client_models Начинается отправка сообщения на сервер.
2021-06-26 15:31:30,541 INFO       client Запуск Клиента
2021-06-26 15:31:30,541 INFO       deco Функция с именем client вызвана, аргумент (),{}. Вызов из __main__.
2021-06-26 15:31:41,751 INFO       client Начало инициализации отправки сообщения
2021-06-26 15:31:41,751 INFO       Client_models Инициализация сокета прошла успешна.
2021-06-26 15:31:41,752 INFO       client Отправка данных на сервер для отправки сообщения
2021-06-26 15:31:45,970 INFO       Client_models Начинается отправка сообщения на сервер.
2021-06-26 15:32:39,076 INFO       Client_models Сообщение отправлено test
2021-06-26 15:50:38,047 INFO       client Запуск Клиента
2021-06-26 15:50:43,232 INFO       deco Функция с именем client вызвана, аргумент (),{}. Вызов из <module>.
2021-06-26 15:51:28,958 INFO       client Начало инициализации отправки сообщения
2021-06-26 15:51:28,960 INFO       Client_models Инициализация сокета прошла успешна.
2021-06-26 15:51:28,960 INFO       client Отправка данных на сервер для отправки сообщения
2021-06-26 15:51:34,006 INFO       Client_models Начинается отправка сообщения на сервер.
2021-06-26 15:52:15,567 INFO       Client_models Сообщение отправлено Hi
2021-06-26 15:55:06,200 INFO       client Запуск Клиента
2021-06-26 15:55:12,190 INFO       deco Функция с именем client вызвана, аргумент (),{}. Вызов из <module>.
2021-06-26 15:55:45,808 INFO       client Начало инициализации отправки сообщения
2021-06-26 15:55:47,024 INFO       Client_models Инициализация сокета прошла успешна.
2021-06-26 15:55:47,958 INFO       client Отправка данных на сервер для отправки сообщения
2021-06-26 15:56:15,871 INFO       Client_models Начинается отправка сообщения на сервер.
2021-06-26 16:05:29,753 INFO       client Запуск Клиента
2021-06-26 16:05:29,832 INFO       deco Функция с именем client вызвана, аргумент (),{}. Вызов из <module>.
2021-06-26 16:05:32,494 INFO       Client_models Инициализация сокета прошла успешна.
2021-06-26 16:05:58,937 INFO       client Начало инициализации отправки сообщения
2021-06-26 16:06:01,530 INFO       client Отправка данных на сервер для отправки сообщения
2021-06-26 16:06:07,744 INFO       Client_models Начинается отправка сообщения на сервер.
2021-06-26 16:10:48,408 INFO       client Запуск Клиента
2021-06-26 16:10:48,481 INFO       deco Функция с именем client вызвана, аргумент (),{}. Вызов из <module>.
2021-06-26 16:10:48,483 INFO       Client_models Инициализация сокета прошла успешна.
2021-06-26 16:11:20,817 INFO       client Запуск Клиента
2021-06-26 16:11:20,881 INFO       deco Функция с именем client вызвана, аргумент (),{}. Вызов из <module>.
2021-06-26 16:11:20,882 INFO       Client_models Инициализация сокета прошла успешна.
2021-06-26 16:11:40,330 INFO       client Начало инициализации отправки сообщения
2021-06-26 16:11:41,808 INFO       client Отправка данных на сервер для отправки сообщения
2021-06-26 16:11:47,698 INFO       Client_models Начинается отправка сообщения на сервер.
2021-06-26 16:12:17,837 INFO       client Запуск Клиента
2021-06-26 16:12:17,947 INFO       deco Функция с именем client вызвана, аргумент (),{}. Вызов из <module>.
2021-06-26 16:12:17,948 INFO       Client_models Инициализация сокета прошла успешна.
2021-06-26 16:12:24,357 INFO       client Начало инициализации отправки сообщения
2021-06-26 16:12:24,814 INFO       client Отправка данных на сервер для отправки сообщения
2021-06-26 16:12:26,297 INFO       Client_models Начинается отправка сообщения на сервер.
2021-06-26 16:13:14,397 INFO       client Запуск Клиента
2021-06-26 16:13:14,481 INFO       deco Функция с именем client вызвана, аргумент (),{}. Вызов из <module>.
2021-06-26 16:13:14,483 INFO       Client_models Инициализация сокета прошла успешна.
2021-06-26 16:13:19,892 INFO       client Начало инициализации отправки сообщения
2021-06-26 16:13:20,657 INFO       client Отправка данных на сервер для отправки сообщения
2021-06-26 16:13:22,113 INFO       Client_models Начинается отправка сообщения на сервер.
2021-06-26 16:13:30,433 INFO       Client_models Сообщение отправлено test
2021-06-26 20:42:16,503 INFO       client Запуск Клиента
2021-06-26 20:42:16,566 INFO       deco Функция с именем client вызвана, аргумент (),{}. Вызов из <module>.
2021-06-26 20:42:16,568 INFO       Client_models Инициализация сокета прошла успешна.
2021-06-26 20:42:31,125 INFO       client Начало инициализации отправки сообщения
2021-06-26 20:42:32,333 INFO       client Отправка данных на сервер для отправки сообщения
2021-06-26 20:42:34,791 INFO       Client_models Начинается отправка сообщения на сервер.
2021-06-26 20:43:26,564 INFO       Client_models Сообщение отправлено hi
2021-06-26 20:43:26,565 INFO       Client_models Инициализация сокета прошла успешна.
2021-06-26 20:43:50,755 INFO       client Начало инициализации отправки сообщения
2021-06-26 20:44:15,530 INFO       client Отправка данных на сервер для отправки сообщения
2021-06-26 20:44:18,393 INFO       Client_models Начинается отправка сообщения на сервер.
2021-06-26 20:45:45,854 INFO       client Запуск Клиента
2021-06-26 20:45:45,918 INFO       deco Функция с именем client вызвана, аргумент (),{}. Вызов из <module>.
2021-06-26 20:45:45,919 INFO       Client_models Инициализация сокета прошла успешна.
2021-06-26 20:46:46,186 INFO       client Начало инициализации отправки сообщения
2021-06-26 20:46:46,570 INFO       client Отправка данных на сервер для отправки сообщения
2021-06-26 20:46:47,457 INFO       Client_models Начинается отправка сообщения на сервер.
2021-06-26 20:46:53,667 INFO       Client_models Сообщение отправлено hi
2021-06-26 20:46:55,241 INFO       Client_models Инициализация сокета прошла успешна.
2021-06-26 20:47:12,772 INFO       client Начало инициализации отправки сообщения
2021-06-26 20:47:13,739 INFO       client Получения сообщения
2021-06-26 20:47:22,944 INFO       Client_models Начинается отправка сообщения на сервер.
2021-06-26 20:55:30,978 INFO       client Запуск Клиента
2021-06-26 20:55:31,041 INFO       deco Функция с именем client вызвана, аргумент (),{}. Вызов из <module>.
2021-06-26 20:55:31,042 INFO       Client_models Инициализация сокета прошла успешна.
2021-06-26 20:55:46,792 INFO       client Начало инициализации отправки сообщения
2021-06-26 20:55:46,792 INFO       client Отправка данных на сервер для отправки сообщения
2021-06-26 20:55:53,984 INFO       Client_models Начинается отправка сообщения на сервер.
2021-06-26 20:55:53,987 CRITICAL   Client_models Ошибка соеденинения
2021-06-26 20:55:53,988 INFO       Client_models Инициализация сокета прошла успешна.
2021-06-26 20:55:58,281 INFO       client Начало инициализации отправки сообщения
2021-06-26 20:55:58,281 INFO       client Получения сообщения
2021-06-26 20:55:58,281 INFO       Client_models Начинается отправка сообщения на сервер.
2021-06-26 20:55:58,282 CRITICAL   Client_models Ошибка соеденинения
2021-06-26 20:55:58,282 INFO       Client_models Инициализация сокета прошла успешна.
2021-06-26 20:57:24,671 INFO       client Запуск Клиента
2021-06-26 20:57:24,683 INFO       deco Функция с именем client вызвана, аргумент (),{}. Вызов из <module>.
2021-06-26 20:57:24,683 INFO       Client_models Инициализация сокета прошла успешна.
2021-06-26 20:57:30,209 INFO       client Начало инициализации отправки сообщения
2021-06-26 20:57:30,209 INFO       client Отправка данных на сервер для отправки сообщения
2021-06-26 20:57:30,209 INFO       Client_models Начинается отправка сообщения на сервер.
2021-06-26 20:57:30,212 INFO       Client_models Сообщение отправлено hi
2021-06-26 20:57:30,212 INFO       Client_models Инициализация сокета прошла успешна.
2021-06-26 20:59:28,461 INFO       client Запуск Клиента
2021-06-26 20:59:28,470 INFO       deco Функция с именем client вызвана, аргумент (),{}. Вызов из <module>.
2021-06-26 20:59:28,470 INFO       Client_models Инициализация сокета прошла успешна.
2021-06-26 20:59:32,309 INFO       client Начало инициализации отправки сообщения
2021-06-26 20:59:32,309 INFO       client Отправка данных на сервер для отправки сообщения
2021-06-26 20:59:32,309 INFO       Client_models Начинается отправка сообщения на сервер.
2021-06-26 20:59:32,312 INFO       Client_models Сообщение отправлено hi
2021-06-26 20:59:32,312 INFO       Client_models Инициализация сокета прошла успешна.
2021-06-26 21:00:09,940 INFO       client Запуск Клиента
2021-06-26 21:00:09,948 INFO       deco Функция с именем client вызвана, аргумент (),{}. Вызов из <module>.
2021-06-26 21:00:09,948 INFO       Client_models Инициализация сокета прошла успешна.
2021-06-26 21:00:14,036 INFO       client Начало инициализации отправки сообщения
2021-06-26 21:00:14,036 INFO       client Отправка данных на сервер для отправки сообщения
2021-06-26 21:00:14,036 INFO       Client_models Начинается отправка сообщения на сервер.
2021-06-26 21:00:14,039 INFO       Client_models Сообщение отправлено fff
2021-06-26 21:00:14,039 INFO       Client_models Инициализация сокета прошла успешна.
2021-06-26 21:00:15,013 INFO       client Начало инициализации отправки сообщения
2021-06-26 21:00:15,013 INFO       client Получения сообщения
2021-06-26 21:00:15,013 INFO       Client_models Начинается отправка сообщения на сервер.
2021-06-26 21:00:26,201 INFO       Client_models Сообщение получено 
2021-06-26 21:00:26,201 INFO       Client_models Инициализация сокета прошла успешна.
2021-06-26 21:02:07,353 INFO       client Запуск Клиента
2021-06-26 21:02:07,418 INFO       deco Функция с именем client вызвана, аргумент (),{}. Вызов из <module>.
2021-06-26 21:02:07,419 INFO       Client_models Инициализация сокета прошла успешна.
2021-06-26 21:02:17,870 INFO       client Начало инициализации отправки сообщения
2021-06-26 21:02:17,870 INFO       client Отправка данных на сервер для отправки сообщения
2021-06-26 21:02:17,871 INFO       Client_models Начинается отправка сообщения на сервер.
2021-06-26 21:02:17,874 INFO       Client_models Сообщение отправлено hi
2021-06-26 21:02:17,874 INFO       Client_models Инициализация сокета прошла успешна.
2021-06-26 21:02:45,018 INFO       client Начало инициализации отправки сообщения
2021-06-26 21:02:45,784 INFO       client Получения сообщения
2021-06-26 21:02:46,431 INFO       Client_models Начинается отправка сообщения на сервер.
2021-06-26 21:04:06,371 INFO       client Запуск Клиента
2021-06-26 21:04:06,433 INFO       deco Функция с именем client вызвана, аргумент (),{}. Вызов из <module>.
2021-06-26 21:04:22,702 INFO       client Запуск Клиента
2021-06-26 21:04:22,771 INFO       deco Функция с именем client вызвана, аргумент (),{}. Вызов из <module>.
2021-06-26 21:04:35,875 INFO       client Начало инициализации отправки сообщения
2021-06-26 21:04:35,875 INFO       Client_models Инициализация сокета прошла успешна.
2021-06-26 21:04:35,875 INFO       client Отправка данных на сервер для отправки сообщения
2021-06-26 21:04:35,876 INFO       Client_models Начинается отправка сообщения на сервер.
2021-06-26 21:04:35,878 INFO       Client_models Сообщение отправлено hi
2021-06-26 21:04:56,057 INFO       client Начало инициализации отправки сообщения
2021-06-26 21:04:58,640 INFO       Client_models Инициализация сокета прошла успешна.
2021-06-26 21:04:59,949 INFO       client Получения сообщения
2021-06-26 21:05:05,269 INFO       Client_models Начинается отправка сообщения на сервер.
