2021-06-16 00:11:57,732 INFO       client_log_config client
2021-06-16 00:36:01,261 INFO       client_log_config client
2021-06-16 23:45:33,180 INFO       client Запуск Клиента
2021-06-16 23:45:38,534 INFO       client Начало инициализации
2021-06-16 23:45:38,535 INFO       client Отправка данных на сервер
2021-06-16 23:45:41,080 INFO       client Начало инициализации
2021-06-16 23:45:41,081 INFO       client Отправка данных на сервер
2021-06-16 23:46:01,203 INFO       client Р—Р°РїСѓСЃРє РљР»РёРµРЅС‚Р°
2021-06-16 23:46:06,883 INFO       client РќР°С‡Р°Р»Рѕ РёРЅРёС†РёР°Р»РёР·Р°С†РёРё
2021-06-16 23:46:06,883 INFO       client РћС‚РїСЂР°РІРєР° РґР°РЅРЅС‹С… РЅР° СЃРµСЂРІРµСЂ
2021-06-16 23:46:09,124 INFO       client РќР°С‡Р°Р»Рѕ РёРЅРёС†РёР°Р»РёР·Р°С†РёРё
2021-06-16 23:46:09,124 INFO       client РћС‚РїСЂР°РІРєР° РґР°РЅРЅС‹С… РЅР° СЃРµСЂРІРµСЂ
2021-06-16 23:46:29,800 INFO       client Р—Р°РїСѓСЃРє РљР»РёРµРЅС‚Р°
2021-06-16 23:46:34,011 INFO       client РќР°С‡Р°Р»Рѕ РёРЅРёС†РёР°Р»РёР·Р°С†РёРё
2021-06-16 23:46:34,011 INFO       client РћС‚РїСЂР°РІРєР° РґР°РЅРЅС‹С… РЅР° СЃРµСЂРІРµСЂ
2021-06-16 23:49:44,770 INFO       client Р—Р°РїСѓСЃРє РљР»РёРµРЅС‚Р°
2021-06-16 23:49:46,335 INFO       client РќР°С‡Р°Р»Рѕ РёРЅРёС†РёР°Р»РёР·Р°С†РёРё
2021-06-16 23:49:46,336 INFO       client РћС‚РїСЂР°РІРєР° РґР°РЅРЅС‹С… РЅР° СЃРµСЂРІРµСЂ
2021-06-16 23:50:24,784 INFO       client Р—Р°РїСѓСЃРє РљР»РёРµРЅС‚Р°
2021-06-16 23:50:26,521 INFO       client РќР°С‡Р°Р»Рѕ РёРЅРёС†РёР°Р»РёР·Р°С†РёРё
2021-06-16 23:50:26,522 INFO       client РћС‚РїСЂР°РІРєР° РґР°РЅРЅС‹С… РЅР° СЃРµСЂРІРµСЂ
2021-06-16 23:51:17,901 INFO       client РќР°С‡Р°Р»Рѕ РёРЅРёС†РёР°Р»РёР·Р°С†РёРё
2021-06-16 23:51:17,901 INFO       client РћС‚РїСЂР°РІРєР° РґР°РЅРЅС‹С… РЅР° СЃРµСЂРІРµСЂ
2021-06-16 23:51:22,313 INFO       client РќР°С‡Р°Р»Рѕ РёРЅРёС†РёР°Р»РёР·Р°С†РёРё
2021-06-16 23:51:22,313 INFO       client РћС‚РїСЂР°РІРєР° РґР°РЅРЅС‹С… РЅР° СЃРµСЂРІРµСЂ
2021-06-16 23:52:05,855 INFO       client РќР°С‡Р°Р»Рѕ РёРЅРёС†РёР°Р»РёР·Р°С†РёРё
2021-06-16 23:52:05,855 INFO       client РћС‚РїСЂР°РІРєР° РґР°РЅРЅС‹С… РЅР° СЃРµСЂРІРµСЂ
2021-06-16 23:52:13,522 INFO       client Р—Р°РїСѓСЃРє РљР»РёРµРЅС‚Р°
2021-06-16 23:52:18,090 INFO       client РќР°С‡Р°Р»Рѕ РёРЅРёС†РёР°Р»РёР·Р°С†РёРё
2021-06-16 23:52:18,091 INFO       Client_models РРЅРёС†РёР°Р»РёР·Р°С†РёСЏ СЃРѕРєРµС‚Р° РїСЂРѕС€Р»Р° СѓСЃРїРµС€РЅР°.
2021-06-16 23:52:18,091 INFO       client РћС‚РїСЂР°РІРєР° РґР°РЅРЅС‹С… РЅР° СЃРµСЂРІРµСЂ
2021-06-16 23:52:18,091 INFO       Client_models РќР°С‡РёРЅР°РµС‚СЃСЏ РѕС‚РїСЂР°РІРєР° СЃРѕРѕР±С‰РµРЅРёСЏ РЅР° СЃРµСЂРІРµСЂ.
2021-06-16 23:52:18,095 INFO       Client_models РЎРѕРѕР±С‰РµРЅРёРµ РѕС‚ СЃРµСЂРІРµСЂР° {'respons': 200, 'message': 'РђРІС‚РѕСЂРёР·Р°С†РёСЏ РїСЂРѕС€Р»Р° СѓСЃРїРµС€РЅР°СЏ.Р”РѕР±СЂРѕ РїРѕР¶Р°Р»РѕРІР°С‚СЊ РІ С‡Р°С‚ Nikolay '}
2021-06-16 23:52:18,095 INFO       Client_models РЎРѕРєРµС‚ СѓСЃРїРµС€РЅРѕ Р·Р°РєСЂС‹С‚
2021-06-16 23:59:18,535 INFO       client Р—Р°РїСѓСЃРє РљР»РёРµРЅС‚Р°
2021-06-17 00:00:14,513 INFO       client Р—Р°РїСѓСЃРє РљР»РёРµРЅС‚Р°
2021-06-17 00:00:19,680 INFO       client РќР°С‡Р°Р»Рѕ РёРЅРёС†РёР°Р»РёР·Р°С†РёРё
2021-06-17 00:00:19,681 INFO       Client_models РРЅРёС†РёР°Р»РёР·Р°С†РёСЏ СЃРѕРєРµС‚Р° РїСЂРѕС€Р»Р° СѓСЃРїРµС€РЅР°.
2021-06-17 00:00:19,681 INFO       client РћС‚РїСЂР°РІРєР° РґР°РЅРЅС‹С… РЅР° СЃРµСЂРІРµСЂ
2021-06-17 00:00:19,681 INFO       Client_models РќР°С‡РёРЅР°РµС‚СЃСЏ РѕС‚РїСЂР°РІРєР° СЃРѕРѕР±С‰РµРЅРёСЏ РЅР° СЃРµСЂРІРµСЂ.
2021-06-17 00:00:19,686 INFO       Client_models РЎРѕРѕР±С‰РµРЅРёРµ РѕС‚ СЃРµСЂРІРµСЂР° {'respons': 200, 'message': 'РђРІС‚РѕСЂРёР·Р°С†РёСЏ РїСЂРѕС€Р»Р° СѓСЃРїРµС€РЅР°СЏ.Р”РѕР±СЂРѕ РїРѕР¶Р°Р»РѕРІР°С‚СЊ РІ С‡Р°С‚ Nikolay '}
2021-06-17 00:00:19,686 INFO       Client_models РЎРѕРєРµС‚ СѓСЃРїРµС€РЅРѕ Р·Р°РєСЂС‹С‚
