2021-06-16 00:26:03,906 INFO       server_log_config server
2021-06-16 23:59:26,348 INFO       server Запуск функции сервера
2021-06-16 23:59:26,349 INFO       server Начало инициализации
2021-06-16 23:59:26,349 INFO       Server_models Инициализация сокета прошла успешна.
2021-06-16 23:59:26,349 INFO       server Старт Сервер
2021-06-16 23:59:26,349 INFO       Server_models Тестовое подключения с участия сокета успешно.
2021-06-16 23:59:26,350 INFO       Server_models Включаем settimeout для не блокировки сокета
2021-06-16 23:59:26,457 ERROR      Server_models Ошибка ожидания
2021-06-16 23:59:26,567 ERROR      Server_models Ошибка ожидания
2021-06-16 23:59:26,678 ERROR      Server_models Ошибка ожидания
2021-06-16 23:59:26,788 ERROR      Server_models Ошибка ожидания
2021-06-16 23:59:26,897 ERROR      Server_models Ошибка ожидания
2021-06-16 23:59:27,006 ERROR      Server_models Ошибка ожидания
2021-06-16 23:59:27,114 ERROR      Server_models Ошибка ожидания
2021-06-16 23:59:27,223 ERROR      Server_models Ошибка ожидания
2021-06-16 23:59:27,330 ERROR      Server_models Ошибка ожидания
2021-06-16 23:59:27,440 ERROR      Server_models Ошибка ожидания
2021-06-16 23:59:27,550 ERROR      Server_models Ошибка ожидания
2021-06-16 23:59:27,658 ERROR      Server_models Ошибка ожидания
2021-06-16 23:59:27,769 ERROR      Server_models Ошибка ожидания
2021-06-16 23:59:27,878 ERROR      Server_models Ошибка ожидания
2021-06-16 23:59:27,986 ERROR      Server_models Ошибка ожидания
2021-06-16 23:59:28,096 ERROR      Server_models Ошибка ожидания
2021-06-16 23:59:28,204 ERROR      Server_models Ошибка ожидания
2021-06-16 23:59:28,314 ERROR      Server_models Ошибка ожидания
2021-06-16 23:59:28,421 ERROR      Server_models Ошибка ожидания
2021-06-16 23:59:28,532 ERROR      Server_models Ошибка ожидания
2021-06-16 23:59:28,639 ERROR      Server_models Ошибка ожидания
2021-06-16 23:59:28,748 ERROR      Server_models Ошибка ожидания
2021-06-16 23:59:28,857 ERROR      Server_models Ошибка ожидания
2021-06-16 23:59:28,966 ERROR      Server_models Ошибка ожидания
2021-06-16 23:59:29,073 ERROR      Server_models Ошибка ожидания
2021-06-16 23:59:29,182 ERROR      Server_models Ошибка ожидания
2021-06-16 23:59:29,292 ERROR      Server_models Ошибка ожидания
2021-06-16 23:59:29,400 ERROR      Server_models Ошибка ожидания
2021-06-16 23:59:29,508 ERROR      Server_models Ошибка ожидания
2021-06-16 23:59:29,617 ERROR      Server_models Ошибка ожидания
2021-06-16 23:59:29,724 ERROR      Server_models Ошибка ожидания
2021-06-16 23:59:29,834 ERROR      Server_models Ошибка ожидания
2021-06-16 23:59:29,943 ERROR      Server_models Ошибка ожидания
2021-06-16 23:59:30,050 ERROR      Server_models Ошибка ожидания
2021-06-16 23:59:30,160 ERROR      Server_models Ошибка ожидания
2021-06-16 23:59:30,270 ERROR      Server_models Ошибка ожидания
2021-06-16 23:59:30,377 ERROR      Server_models Ошибка ожидания
2021-06-16 23:59:30,486 ERROR      Server_models Ошибка ожидания
2021-06-16 23:59:30,597 ERROR      Server_models Ошибка ожидания
2021-06-16 23:59:30,704 ERROR      Server_models Ошибка ожидания
2021-06-16 23:59:30,813 ERROR      Server_models Ошибка ожидания
2021-06-16 23:59:30,920 ERROR      Server_models Ошибка ожидания
2021-06-16 23:59:31,028 ERROR      Server_models Ошибка ожидания
2021-06-16 23:59:31,137 ERROR      Server_models Ошибка ожидания
2021-06-16 23:59:31,245 ERROR      Server_models Ошибка ожидания
2021-06-16 23:59:31,355 ERROR      Server_models Ошибка ожидания
2021-06-16 23:59:31,464 ERROR      Server_models Ошибка ожидания
2021-06-16 23:59:31,571 ERROR      Server_models Ошибка ожидания
2021-06-16 23:59:31,682 ERROR      Server_models Ошибка ожидания
2021-06-16 23:59:31,789 ERROR      Server_models Ошибка ожидания
2021-06-16 23:59:31,900 ERROR      Server_models Ошибка ожидания
2021-06-16 23:59:32,008 ERROR      Server_models Ошибка ожидания
2021-06-16 23:59:32,116 ERROR      Server_models Ошибка ожидания
2021-06-16 23:59:32,223 ERROR      Server_models Ошибка ожидания
2021-06-16 23:59:32,331 ERROR      Server_models Ошибка ожидания
2021-06-16 23:59:32,441 ERROR      Server_models Ошибка ожидания
2021-06-16 23:59:32,550 ERROR      Server_models Ошибка ожидания
2021-06-16 23:59:32,658 ERROR      Server_models Ошибка ожидания
2021-06-16 23:59:32,766 ERROR      Server_models Ошибка ожидания
2021-06-16 23:59:32,875 ERROR      Server_models Ошибка ожидания
2021-06-16 23:59:32,984 ERROR      Server_models Ошибка ожидания
2021-06-16 23:59:33,092 ERROR      Server_models Ошибка ожидания
2021-06-16 23:59:33,201 ERROR      Server_models Ошибка ожидания
2021-06-16 23:59:33,309 ERROR      Server_models Ошибка ожидания
2021-06-16 23:59:33,418 ERROR      Server_models Ошибка ожидания
2021-06-16 23:59:33,526 ERROR      Server_models Ошибка ожидания
2021-06-16 23:59:33,635 ERROR      Server_models Ошибка ожидания
2021-06-16 23:59:33,742 ERROR      Server_models Ошибка ожидания
2021-06-16 23:59:33,851 ERROR      Server_models Ошибка ожидания
2021-06-16 23:59:33,962 ERROR      Server_models Ошибка ожидания
2021-06-16 23:59:34,074 ERROR      Server_models Ошибка ожидания
2021-06-16 23:59:34,183 ERROR      Server_models Ошибка ожидания
2021-06-16 23:59:34,292 ERROR      Server_models Ошибка ожидания
2021-06-16 23:59:34,403 ERROR      Server_models Ошибка ожидания
2021-06-16 23:59:34,513 ERROR      Server_models Ошибка ожидания
2021-06-16 23:59:34,622 ERROR      Server_models Ошибка ожидания
2021-06-16 23:59:34,733 ERROR      Server_models Ошибка ожидания
2021-06-16 23:59:34,844 ERROR      Server_models Ошибка ожидания
2021-06-16 23:59:34,952 ERROR      Server_models Ошибка ожидания
2021-06-16 23:59:35,061 ERROR      Server_models Ошибка ожидания
2021-06-16 23:59:35,170 ERROR      Server_models Ошибка ожидания
2021-06-16 23:59:35,278 ERROR      Server_models Ошибка ожидания
2021-06-16 23:59:35,386 ERROR      Server_models Ошибка ожидания
2021-06-16 23:59:35,497 ERROR      Server_models Ошибка ожидания
2021-06-16 23:59:35,608 ERROR      Server_models Ошибка ожидания
2021-06-16 23:59:35,718 ERROR      Server_models Ошибка ожидания
2021-06-16 23:59:35,827 ERROR      Server_models Ошибка ожидания
2021-06-16 23:59:35,936 ERROR      Server_models Ошибка ожидания
2021-06-16 23:59:36,044 ERROR      Server_models Ошибка ожидания
2021-06-16 23:59:36,153 ERROR      Server_models Ошибка ожидания
2021-06-16 23:59:36,260 ERROR      Server_models Ошибка ожидания
2021-06-16 23:59:36,369 ERROR      Server_models Ошибка ожидания
2021-06-16 23:59:36,478 ERROR      Server_models Ошибка ожидания
2021-06-16 23:59:36,588 ERROR      Server_models Ошибка ожидания
2021-06-16 23:59:36,699 ERROR      Server_models Ошибка ожидания
2021-06-16 23:59:36,807 ERROR      Server_models Ошибка ожидания
2021-06-16 23:59:36,916 ERROR      Server_models Ошибка ожидания
2021-06-16 23:59:37,024 ERROR      Server_models Ошибка ожидания
2021-06-16 23:59:37,133 ERROR      Server_models Ошибка ожидания
2021-06-16 23:59:37,243 ERROR      Server_models Ошибка ожидания
2021-06-16 23:59:37,352 ERROR      Server_models Ошибка ожидания
2021-06-16 23:59:37,461 ERROR      Server_models Ошибка ожидания
2021-06-16 23:59:37,569 ERROR      Server_models Ошибка ожидания
2021-06-16 23:59:37,678 ERROR      Server_models Ошибка ожидания
2021-06-16 23:59:37,788 ERROR      Server_models Ошибка ожидания
2021-06-16 23:59:37,895 ERROR      Server_models Ошибка ожидания
2021-06-16 23:59:38,003 ERROR      Server_models Ошибка ожидания
2021-06-16 23:59:38,112 ERROR      Server_models Ошибка ожидания
2021-06-16 23:59:38,222 ERROR      Server_models Ошибка ожидания
2021-06-16 23:59:38,332 ERROR      Server_models Ошибка ожидания
2021-06-16 23:59:38,441 ERROR      Server_models Ошибка ожидания
2021-06-16 23:59:38,550 ERROR      Server_models Ошибка ожидания
2021-06-16 23:59:38,660 ERROR      Server_models Ошибка ожидания
2021-06-16 23:59:38,769 ERROR      Server_models Ошибка ожидания
2021-06-16 23:59:38,876 ERROR      Server_models Ошибка ожидания
2021-06-16 23:59:38,985 ERROR      Server_models Ошибка ожидания
2021-06-16 23:59:39,094 ERROR      Server_models Ошибка ожидания
2021-06-16 23:59:39,204 ERROR      Server_models Ошибка ожидания
2021-06-16 23:59:39,314 ERROR      Server_models Ошибка ожидания
2021-06-16 23:59:39,428 ERROR      Server_models Ошибка ожидания
2021-06-16 23:59:39,539 ERROR      Server_models Ошибка ожидания
2021-06-16 23:59:39,650 ERROR      Server_models Ошибка ожидания
2021-06-16 23:59:39,758 ERROR      Server_models Ошибка ожидания
2021-06-16 23:59:39,867 ERROR      Server_models Ошибка ожидания
2021-06-16 23:59:39,976 ERROR      Server_models Ошибка ожидания
2021-06-16 23:59:40,084 ERROR      Server_models Ошибка ожидания
2021-06-16 23:59:40,192 ERROR      Server_models Ошибка ожидания
2021-06-16 23:59:40,300 ERROR      Server_models Ошибка ожидания
2021-06-16 23:59:40,409 ERROR      Server_models Ошибка ожидания
2021-06-16 23:59:40,517 ERROR      Server_models Ошибка ожидания
2021-06-16 23:59:40,624 ERROR      Server_models Ошибка ожидания
2021-06-16 23:59:40,732 ERROR      Server_models Ошибка ожидания
2021-06-16 23:59:40,840 ERROR      Server_models Ошибка ожидания
2021-06-16 23:59:40,949 ERROR      Server_models Ошибка ожидания
2021-06-16 23:59:41,058 ERROR      Server_models Ошибка ожидания
2021-06-16 23:59:41,167 ERROR      Server_models Ошибка ожидания
2021-06-16 23:59:41,277 ERROR      Server_models Ошибка ожидания
2021-06-16 23:59:41,385 ERROR      Server_models Ошибка ожидания
2021-06-16 23:59:41,494 ERROR      Server_models Ошибка ожидания
2021-06-16 23:59:41,604 ERROR      Server_models Ошибка ожидания
2021-06-16 23:59:41,713 ERROR      Server_models Ошибка ожидания
2021-06-16 23:59:41,820 ERROR      Server_models Ошибка ожидания
2021-06-16 23:59:41,928 ERROR      Server_models Ошибка ожидания
2021-06-16 23:59:42,038 ERROR      Server_models Ошибка ожидания
2021-06-16 23:59:42,145 ERROR      Server_models Ошибка ожидания
2021-06-16 23:59:42,254 ERROR      Server_models Ошибка ожидания
2021-06-16 23:59:42,363 ERROR      Server_models Ошибка ожидания
2021-06-16 23:59:42,472 ERROR      Server_models Ошибка ожидания
2021-06-16 23:59:42,582 ERROR      Server_models Ошибка ожидания
2021-06-16 23:59:42,690 ERROR      Server_models Ошибка ожидания
2021-06-16 23:59:42,799 ERROR      Server_models Ошибка ожидания
2021-06-16 23:59:42,907 ERROR      Server_models Ошибка ожидания
2021-06-16 23:59:43,014 ERROR      Server_models Ошибка ожидания
2021-06-16 23:59:43,122 ERROR      Server_models Ошибка ожидания
2021-06-16 23:59:43,231 ERROR      Server_models Ошибка ожидания
2021-06-16 23:59:43,339 ERROR      Server_models Ошибка ожидания
2021-06-16 23:59:43,449 ERROR      Server_models Ошибка ожидания
2021-06-16 23:59:43,557 ERROR      Server_models Ошибка ожидания
2021-06-16 23:59:43,665 ERROR      Server_models Ошибка ожидания
2021-06-16 23:59:43,773 ERROR      Server_models Ошибка ожидания
2021-06-16 23:59:43,885 ERROR      Server_models Ошибка ожидания
2021-06-16 23:59:43,993 ERROR      Server_models Ошибка ожидания
2021-06-16 23:59:44,101 ERROR      Server_models Ошибка ожидания
2021-06-16 23:59:44,210 ERROR      Server_models Ошибка ожидания
2021-06-16 23:59:44,320 ERROR      Server_models Ошибка ожидания
2021-06-16 23:59:44,428 ERROR      Server_models Ошибка ожидания
2021-06-16 23:59:44,538 ERROR      Server_models Ошибка ожидания
2021-06-16 23:59:44,646 ERROR      Server_models Ошибка ожидания
2021-06-16 23:59:44,755 ERROR      Server_models Ошибка ожидания
2021-06-16 23:59:44,863 ERROR      Server_models Ошибка ожидания
2021-06-16 23:59:44,973 ERROR      Server_models Ошибка ожидания
2021-06-16 23:59:45,083 ERROR      Server_models Ошибка ожидания
2021-06-16 23:59:45,193 ERROR      Server_models Ошибка ожидания
2021-06-16 23:59:45,303 ERROR      Server_models Ошибка ожидания
2021-06-16 23:59:45,411 ERROR      Server_models Ошибка ожидания
2021-06-16 23:59:45,519 ERROR      Server_models Ошибка ожидания
2021-06-16 23:59:45,628 ERROR      Server_models Ошибка ожидания
2021-06-16 23:59:45,737 ERROR      Server_models Ошибка ожидания
2021-06-16 23:59:45,848 ERROR      Server_models Ошибка ожидания
2021-06-16 23:59:45,956 ERROR      Server_models Ошибка ожидания
2021-06-16 23:59:46,063 ERROR      Server_models Ошибка ожидания
2021-06-16 23:59:46,173 ERROR      Server_models Ошибка ожидания
2021-06-16 23:59:46,283 ERROR      Server_models Ошибка ожидания
2021-06-16 23:59:46,393 ERROR      Server_models Ошибка ожидания
2021-06-16 23:59:46,502 ERROR      Server_models Ошибка ожидания
2021-06-16 23:59:46,610 ERROR      Server_models Ошибка ожидания
2021-06-16 23:59:46,717 ERROR      Server_models Ошибка ожидания
2021-06-16 23:59:46,829 ERROR      Server_models Ошибка ожидания
2021-06-16 23:59:46,936 ERROR      Server_models Ошибка ожидания
2021-06-16 23:59:47,045 ERROR      Server_models Ошибка ожидания
2021-06-16 23:59:47,154 ERROR      Server_models Ошибка ожидания
2021-06-16 23:59:47,264 ERROR      Server_models Ошибка ожидания
2021-06-16 23:59:47,374 ERROR      Server_models Ошибка ожидания
2021-06-16 23:59:47,483 ERROR      Server_models Ошибка ожидания
2021-06-16 23:59:47,592 ERROR      Server_models Ошибка ожидания
2021-06-16 23:59:47,703 ERROR      Server_models Ошибка ожидания
2021-06-16 23:59:47,812 ERROR      Server_models Ошибка ожидания
2021-06-16 23:59:47,923 ERROR      Server_models Ошибка ожидания
2021-06-16 23:59:48,032 ERROR      Server_models Ошибка ожидания
2021-06-16 23:59:48,143 ERROR      Server_models Ошибка ожидания
2021-06-16 23:59:48,255 ERROR      Server_models Ошибка ожидания
2021-06-16 23:59:48,366 ERROR      Server_models Ошибка ожидания
2021-06-16 23:59:48,475 ERROR      Server_models Ошибка ожидания
2021-06-16 23:59:48,586 ERROR      Server_models Ошибка ожидания
2021-06-16 23:59:48,695 ERROR      Server_models Ошибка ожидания
2021-06-16 23:59:48,805 ERROR      Server_models Ошибка ожидания
2021-06-16 23:59:48,914 ERROR      Server_models Ошибка ожидания
2021-06-16 23:59:49,022 ERROR      Server_models Ошибка ожидания
2021-06-16 23:59:49,132 ERROR      Server_models Ошибка ожидания
2021-06-16 23:59:49,240 ERROR      Server_models Ошибка ожидания
2021-06-16 23:59:49,346 ERROR      Server_models Ошибка ожидания
2021-06-16 23:59:49,456 ERROR      Server_models Ошибка ожидания
2021-06-16 23:59:49,566 ERROR      Server_models Ошибка ожидания
2021-06-16 23:59:49,675 ERROR      Server_models Ошибка ожидания
2021-06-16 23:59:49,925 INFO       server Р—Р°РїСѓСЃРє С„СѓРЅРєС†РёРё СЃРµСЂРІРµСЂР°
2021-06-16 23:59:49,925 INFO       server РќР°С‡Р°Р»Рѕ РёРЅРёС†РёР°Р»РёР·Р°С†РёРё
2021-06-16 23:59:49,926 INFO       Server_models РРЅРёС†РёР°Р»РёР·Р°С†РёСЏ СЃРѕРєРµС‚Р° РїСЂРѕС€Р»Р° СѓСЃРїРµС€РЅР°.
2021-06-16 23:59:49,926 INFO       server РЎС‚Р°СЂС‚ РЎРµСЂРІРµСЂ
2021-06-16 23:59:49,926 INFO       Server_models РўРµСЃС‚РѕРІРѕРµ РїРѕРґРєР»СЋС‡РµРЅРёСЏ СЃ СѓС‡Р°СЃС‚РёСЏ СЃРѕРєРµС‚Р° СѓСЃРїРµС€РЅРѕ.
2021-06-16 23:59:49,926 INFO       Server_models Р’РєР»СЋС‡Р°РµРј settimeout РґР»СЏ РЅРµ Р±Р»РѕРєРёСЂРѕРІРєРё СЃРѕРєРµС‚Р°
2021-06-16 23:59:50,035 ERROR      Server_models РћС€РёР±РєР° РѕР¶РёРґР°РЅРёСЏ
2021-06-16 23:59:50,143 ERROR      Server_models РћС€РёР±РєР° РѕР¶РёРґР°РЅРёСЏ
2021-06-16 23:59:50,252 ERROR      Server_models РћС€РёР±РєР° РѕР¶РёРґР°РЅРёСЏ
2021-06-16 23:59:50,360 ERROR      Server_models РћС€РёР±РєР° РѕР¶РёРґР°РЅРёСЏ
2021-06-16 23:59:50,468 ERROR      Server_models РћС€РёР±РєР° РѕР¶РёРґР°РЅРёСЏ
2021-06-16 23:59:50,576 ERROR      Server_models РћС€РёР±РєР° РѕР¶РёРґР°РЅРёСЏ
2021-06-16 23:59:50,684 ERROR      Server_models РћС€РёР±РєР° РѕР¶РёРґР°РЅРёСЏ
2021-06-16 23:59:50,793 ERROR      Server_models РћС€РёР±РєР° РѕР¶РёРґР°РЅРёСЏ
2021-06-16 23:59:50,903 ERROR      Server_models РћС€РёР±РєР° РѕР¶РёРґР°РЅРёСЏ
2021-06-16 23:59:51,010 ERROR      Server_models РћС€РёР±РєР° РѕР¶РёРґР°РЅРёСЏ
2021-06-16 23:59:51,120 ERROR      Server_models РћС€РёР±РєР° РѕР¶РёРґР°РЅРёСЏ
2021-06-16 23:59:51,230 ERROR      Server_models РћС€РёР±РєР° РѕР¶РёРґР°РЅРёСЏ
2021-06-16 23:59:51,337 ERROR      Server_models РћС€РёР±РєР° РѕР¶РёРґР°РЅРёСЏ
2021-06-16 23:59:51,446 ERROR      Server_models РћС€РёР±РєР° РѕР¶РёРґР°РЅРёСЏ
2021-06-16 23:59:51,554 ERROR      Server_models РћС€РёР±РєР° РѕР¶РёРґР°РЅРёСЏ
2021-06-16 23:59:51,665 ERROR      Server_models РћС€РёР±РєР° РѕР¶РёРґР°РЅРёСЏ
2021-06-16 23:59:51,776 ERROR      Server_models РћС€РёР±РєР° РѕР¶РёРґР°РЅРёСЏ
2021-06-16 23:59:51,888 ERROR      Server_models РћС€РёР±РєР° РѕР¶РёРґР°РЅРёСЏ
2021-06-16 23:59:51,997 ERROR      Server_models РћС€РёР±РєР° РѕР¶РёРґР°РЅРёСЏ
2021-06-16 23:59:52,108 ERROR      Server_models РћС€РёР±РєР° РѕР¶РёРґР°РЅРёСЏ
2021-06-16 23:59:52,216 ERROR      Server_models РћС€РёР±РєР° РѕР¶РёРґР°РЅРёСЏ
2021-06-16 23:59:52,328 ERROR      Server_models РћС€РёР±РєР° РѕР¶РёРґР°РЅРёСЏ
2021-06-16 23:59:52,437 ERROR      Server_models РћС€РёР±РєР° РѕР¶РёРґР°РЅРёСЏ
2021-06-16 23:59:52,545 ERROR      Server_models РћС€РёР±РєР° РѕР¶РёРґР°РЅРёСЏ
2021-06-16 23:59:52,656 ERROR      Server_models РћС€РёР±РєР° РѕР¶РёРґР°РЅРёСЏ
2021-06-16 23:59:52,767 ERROR      Server_models РћС€РёР±РєР° РѕР¶РёРґР°РЅРёСЏ
2021-06-16 23:59:52,875 ERROR      Server_models РћС€РёР±РєР° РѕР¶РёРґР°РЅРёСЏ
2021-06-16 23:59:52,983 ERROR      Server_models РћС€РёР±РєР° РѕР¶РёРґР°РЅРёСЏ
2021-06-16 23:59:53,091 ERROR      Server_models РћС€РёР±РєР° РѕР¶РёРґР°РЅРёСЏ
2021-06-16 23:59:53,200 ERROR      Server_models РћС€РёР±РєР° РѕР¶РёРґР°РЅРёСЏ
2021-06-16 23:59:53,309 ERROR      Server_models РћС€РёР±РєР° РѕР¶РёРґР°РЅРёСЏ
2021-06-16 23:59:53,416 ERROR      Server_models РћС€РёР±РєР° РѕР¶РёРґР°РЅРёСЏ
2021-06-16 23:59:53,527 ERROR      Server_models РћС€РёР±РєР° РѕР¶РёРґР°РЅРёСЏ
2021-06-16 23:59:53,637 ERROR      Server_models РћС€РёР±РєР° РѕР¶РёРґР°РЅРёСЏ
2021-06-16 23:59:53,747 ERROR      Server_models РћС€РёР±РєР° РѕР¶РёРґР°РЅРёСЏ
2021-06-16 23:59:53,855 ERROR      Server_models РћС€РёР±РєР° РѕР¶РёРґР°РЅРёСЏ
2021-06-16 23:59:53,965 ERROR      Server_models РћС€РёР±РєР° РѕР¶РёРґР°РЅРёСЏ
2021-06-16 23:59:54,073 ERROR      Server_models РћС€РёР±РєР° РѕР¶РёРґР°РЅРёСЏ
2021-06-16 23:59:54,183 ERROR      Server_models РћС€РёР±РєР° РѕР¶РёРґР°РЅРёСЏ
2021-06-16 23:59:54,291 ERROR      Server_models РћС€РёР±РєР° РѕР¶РёРґР°РЅРёСЏ
2021-06-16 23:59:54,399 ERROR      Server_models РћС€РёР±РєР° РѕР¶РёРґР°РЅРёСЏ
2021-06-16 23:59:54,508 ERROR      Server_models РћС€РёР±РєР° РѕР¶РёРґР°РЅРёСЏ
2021-06-16 23:59:54,617 ERROR      Server_models РћС€РёР±РєР° РѕР¶РёРґР°РЅРёСЏ
2021-06-16 23:59:54,726 ERROR      Server_models РћС€РёР±РєР° РѕР¶РёРґР°РЅРёСЏ
2021-06-16 23:59:54,835 ERROR      Server_models РћС€РёР±РєР° РѕР¶РёРґР°РЅРёСЏ
2021-06-16 23:59:54,944 ERROR      Server_models РћС€РёР±РєР° РѕР¶РёРґР°РЅРёСЏ
2021-06-16 23:59:55,053 ERROR      Server_models РћС€РёР±РєР° РѕР¶РёРґР°РЅРёСЏ
2021-06-16 23:59:55,161 ERROR      Server_models РћС€РёР±РєР° РѕР¶РёРґР°РЅРёСЏ
2021-06-16 23:59:55,273 ERROR      Server_models РћС€РёР±РєР° РѕР¶РёРґР°РЅРёСЏ
2021-06-16 23:59:55,381 ERROR      Server_models РћС€РёР±РєР° РѕР¶РёРґР°РЅРёСЏ
2021-06-16 23:59:55,490 ERROR      Server_models РћС€РёР±РєР° РѕР¶РёРґР°РЅРёСЏ
2021-06-16 23:59:55,600 ERROR      Server_models РћС€РёР±РєР° РѕР¶РёРґР°РЅРёСЏ
2021-06-16 23:59:55,707 ERROR      Server_models РћС€РёР±РєР° РѕР¶РёРґР°РЅРёСЏ
2021-06-16 23:59:55,816 ERROR      Server_models РћС€РёР±РєР° РѕР¶РёРґР°РЅРёСЏ
2021-06-16 23:59:55,924 ERROR      Server_models РћС€РёР±РєР° РѕР¶РёРґР°РЅРёСЏ
2021-06-16 23:59:56,033 ERROR      Server_models РћС€РёР±РєР° РѕР¶РёРґР°РЅРёСЏ
2021-06-16 23:59:56,140 ERROR      Server_models РћС€РёР±РєР° РѕР¶РёРґР°РЅРёСЏ
2021-06-16 23:59:56,247 ERROR      Server_models РћС€РёР±РєР° РѕР¶РёРґР°РЅРёСЏ
2021-06-16 23:59:56,356 ERROR      Server_models РћС€РёР±РєР° РѕР¶РёРґР°РЅРёСЏ
2021-06-16 23:59:56,463 ERROR      Server_models РћС€РёР±РєР° РѕР¶РёРґР°РЅРёСЏ
2021-06-16 23:59:56,572 ERROR      Server_models РћС€РёР±РєР° РѕР¶РёРґР°РЅРёСЏ
2021-06-16 23:59:56,681 ERROR      Server_models РћС€РёР±РєР° РѕР¶РёРґР°РЅРёСЏ
2021-06-16 23:59:56,792 ERROR      Server_models РћС€РёР±РєР° РѕР¶РёРґР°РЅРёСЏ
2021-06-16 23:59:56,901 ERROR      Server_models РћС€РёР±РєР° РѕР¶РёРґР°РЅРёСЏ
2021-06-16 23:59:57,008 ERROR      Server_models РћС€РёР±РєР° РѕР¶РёРґР°РЅРёСЏ
2021-06-16 23:59:57,116 ERROR      Server_models РћС€РёР±РєР° РѕР¶РёРґР°РЅРёСЏ
2021-06-16 23:59:57,224 ERROR      Server_models РћС€РёР±РєР° РѕР¶РёРґР°РЅРёСЏ
2021-06-16 23:59:57,332 ERROR      Server_models РћС€РёР±РєР° РѕР¶РёРґР°РЅРёСЏ
2021-06-16 23:59:57,441 ERROR      Server_models РћС€РёР±РєР° РѕР¶РёРґР°РЅРёСЏ
2021-06-16 23:59:57,549 ERROR      Server_models РћС€РёР±РєР° РѕР¶РёРґР°РЅРёСЏ
2021-06-16 23:59:57,658 ERROR      Server_models РћС€РёР±РєР° РѕР¶РёРґР°РЅРёСЏ
2021-06-16 23:59:57,767 ERROR      Server_models РћС€РёР±РєР° РѕР¶РёРґР°РЅРёСЏ
2021-06-16 23:59:57,875 ERROR      Server_models РћС€РёР±РєР° РѕР¶РёРґР°РЅРёСЏ
2021-06-16 23:59:57,983 ERROR      Server_models РћС€РёР±РєР° РѕР¶РёРґР°РЅРёСЏ
2021-06-16 23:59:58,091 ERROR      Server_models РћС€РёР±РєР° РѕР¶РёРґР°РЅРёСЏ
2021-06-16 23:59:58,200 ERROR      Server_models РћС€РёР±РєР° РѕР¶РёРґР°РЅРёСЏ
2021-06-16 23:59:58,307 ERROR      Server_models РћС€РёР±РєР° РѕР¶РёРґР°РЅРёСЏ
2021-06-16 23:59:58,416 ERROR      Server_models РћС€РёР±РєР° РѕР¶РёРґР°РЅРёСЏ
2021-06-16 23:59:58,523 ERROR      Server_models РћС€РёР±РєР° РѕР¶РёРґР°РЅРёСЏ
2021-06-16 23:59:58,632 ERROR      Server_models РћС€РёР±РєР° РѕР¶РёРґР°РЅРёСЏ
2021-06-16 23:59:58,741 ERROR      Server_models РћС€РёР±РєР° РѕР¶РёРґР°РЅРёСЏ
2021-06-16 23:59:58,850 ERROR      Server_models РћС€РёР±РєР° РѕР¶РёРґР°РЅРёСЏ
2021-06-16 23:59:58,959 ERROR      Server_models РћС€РёР±РєР° РѕР¶РёРґР°РЅРёСЏ
2021-06-16 23:59:59,069 ERROR      Server_models РћС€РёР±РєР° РѕР¶РёРґР°РЅРёСЏ
2021-06-16 23:59:59,180 ERROR      Server_models РћС€РёР±РєР° РѕР¶РёРґР°РЅРёСЏ
2021-06-16 23:59:59,298 ERROR      Server_models РћС€РёР±РєР° РѕР¶РёРґР°РЅРёСЏ
2021-06-16 23:59:59,407 ERROR      Server_models РћС€РёР±РєР° РѕР¶РёРґР°РЅРёСЏ
2021-06-16 23:59:59,516 ERROR      Server_models РћС€РёР±РєР° РѕР¶РёРґР°РЅРёСЏ
2021-06-16 23:59:59,624 ERROR      Server_models РћС€РёР±РєР° РѕР¶РёРґР°РЅРёСЏ
2021-06-16 23:59:59,732 ERROR      Server_models РћС€РёР±РєР° РѕР¶РёРґР°РЅРёСЏ
2021-06-16 23:59:59,840 ERROR      Server_models РћС€РёР±РєР° РѕР¶РёРґР°РЅРёСЏ
2021-06-16 23:59:59,949 ERROR      Server_models РћС€РёР±РєР° РѕР¶РёРґР°РЅРёСЏ
2021-06-17 00:00:00,059 ERROR      Server_models РћС€РёР±РєР° РѕР¶РёРґР°РЅРёСЏ
2021-06-17 00:00:00,166 ERROR      Server_models РћС€РёР±РєР° РѕР¶РёРґР°РЅРёСЏ
2021-06-17 00:00:00,274 ERROR      Server_models РћС€РёР±РєР° РѕР¶РёРґР°РЅРёСЏ
2021-06-17 00:00:00,382 ERROR      Server_models РћС€РёР±РєР° РѕР¶РёРґР°РЅРёСЏ
2021-06-17 00:00:00,490 ERROR      Server_models РћС€РёР±РєР° РѕР¶РёРґР°РЅРёСЏ
2021-06-17 00:00:00,599 ERROR      Server_models РћС€РёР±РєР° РѕР¶РёРґР°РЅРёСЏ
2021-06-17 00:00:00,708 ERROR      Server_models РћС€РёР±РєР° РѕР¶РёРґР°РЅРёСЏ
2021-06-17 00:00:00,815 ERROR      Server_models РћС€РёР±РєР° РѕР¶РёРґР°РЅРёСЏ
2021-06-17 00:00:00,924 ERROR      Server_models РћС€РёР±РєР° РѕР¶РёРґР°РЅРёСЏ
2021-06-17 00:00:01,033 ERROR      Server_models РћС€РёР±РєР° РѕР¶РёРґР°РЅРёСЏ
2021-06-17 00:00:01,140 ERROR      Server_models РћС€РёР±РєР° РѕР¶РёРґР°РЅРёСЏ
2021-06-17 00:00:01,247 ERROR      Server_models РћС€РёР±РєР° РѕР¶РёРґР°РЅРёСЏ
2021-06-17 00:00:01,355 ERROR      Server_models РћС€РёР±РєР° РѕР¶РёРґР°РЅРёСЏ
2021-06-17 00:00:01,463 ERROR      Server_models РћС€РёР±РєР° РѕР¶РёРґР°РЅРёСЏ
2021-06-17 00:00:01,572 ERROR      Server_models РћС€РёР±РєР° РѕР¶РёРґР°РЅРёСЏ
2021-06-17 00:00:01,681 ERROR      Server_models РћС€РёР±РєР° РѕР¶РёРґР°РЅРёСЏ
2021-06-17 00:00:01,790 ERROR      Server_models РћС€РёР±РєР° РѕР¶РёРґР°РЅРёСЏ
2021-06-17 00:00:01,897 ERROR      Server_models РћС€РёР±РєР° РѕР¶РёРґР°РЅРёСЏ
2021-06-17 00:00:02,006 ERROR      Server_models РћС€РёР±РєР° РѕР¶РёРґР°РЅРёСЏ
2021-06-17 00:00:02,113 ERROR      Server_models РћС€РёР±РєР° РѕР¶РёРґР°РЅРёСЏ
2021-06-17 00:00:02,221 ERROR      Server_models РћС€РёР±РєР° РѕР¶РёРґР°РЅРёСЏ
2021-06-17 00:00:02,328 ERROR      Server_models РћС€РёР±РєР° РѕР¶РёРґР°РЅРёСЏ
2021-06-17 00:00:02,436 ERROR      Server_models РћС€РёР±РєР° РѕР¶РёРґР°РЅРёСЏ
2021-06-17 00:00:02,544 ERROR      Server_models РћС€РёР±РєР° РѕР¶РёРґР°РЅРёСЏ
2021-06-17 00:00:02,653 ERROR      Server_models РћС€РёР±РєР° РѕР¶РёРґР°РЅРёСЏ
2021-06-17 00:00:02,763 ERROR      Server_models РћС€РёР±РєР° РѕР¶РёРґР°РЅРёСЏ
2021-06-17 00:00:02,874 ERROR      Server_models РћС€РёР±РєР° РѕР¶РёРґР°РЅРёСЏ
2021-06-17 00:00:02,984 ERROR      Server_models РћС€РёР±РєР° РѕР¶РёРґР°РЅРёСЏ
2021-06-17 00:00:03,092 ERROR      Server_models РћС€РёР±РєР° РѕР¶РёРґР°РЅРёСЏ
2021-06-17 00:00:03,200 ERROR      Server_models РћС€РёР±РєР° РѕР¶РёРґР°РЅРёСЏ
2021-06-17 00:00:03,311 ERROR      Server_models РћС€РёР±РєР° РѕР¶РёРґР°РЅРёСЏ
2021-06-17 00:00:03,419 ERROR      Server_models РћС€РёР±РєР° РѕР¶РёРґР°РЅРёСЏ
2021-06-17 00:00:03,528 ERROR      Server_models РћС€РёР±РєР° РѕР¶РёРґР°РЅРёСЏ
2021-06-17 00:00:03,637 ERROR      Server_models РћС€РёР±РєР° РѕР¶РёРґР°РЅРёСЏ
2021-06-17 00:00:03,744 ERROR      Server_models РћС€РёР±РєР° РѕР¶РёРґР°РЅРёСЏ
2021-06-17 00:00:03,853 ERROR      Server_models РћС€РёР±РєР° РѕР¶РёРґР°РЅРёСЏ
2021-06-17 00:00:03,962 ERROR      Server_models РћС€РёР±РєР° РѕР¶РёРґР°РЅРёСЏ
2021-06-17 00:00:04,071 ERROR      Server_models РћС€РёР±РєР° РѕР¶РёРґР°РЅРёСЏ
2021-06-17 00:00:04,180 ERROR      Server_models РћС€РёР±РєР° РѕР¶РёРґР°РЅРёСЏ
2021-06-17 00:00:04,289 ERROR      Server_models РћС€РёР±РєР° РѕР¶РёРґР°РЅРёСЏ
2021-06-17 00:00:04,397 ERROR      Server_models РћС€РёР±РєР° РѕР¶РёРґР°РЅРёСЏ
2021-06-17 00:00:04,507 ERROR      Server_models РћС€РёР±РєР° РѕР¶РёРґР°РЅРёСЏ
2021-06-17 00:00:04,616 ERROR      Server_models РћС€РёР±РєР° РѕР¶РёРґР°РЅРёСЏ
2021-06-17 00:00:04,725 ERROR      Server_models РћС€РёР±РєР° РѕР¶РёРґР°РЅРёСЏ
2021-06-17 00:00:04,833 ERROR      Server_models РћС€РёР±РєР° РѕР¶РёРґР°РЅРёСЏ
2021-06-17 00:00:04,942 ERROR      Server_models РћС€РёР±РєР° РѕР¶РёРґР°РЅРёСЏ
2021-06-17 00:00:05,051 ERROR      Server_models РћС€РёР±РєР° РѕР¶РёРґР°РЅРёСЏ
2021-06-17 00:00:05,159 ERROR      Server_models РћС€РёР±РєР° РѕР¶РёРґР°РЅРёСЏ
2021-06-17 00:00:05,269 ERROR      Server_models РћС€РёР±РєР° РѕР¶РёРґР°РЅРёСЏ
2021-06-17 00:00:05,383 ERROR      Server_models РћС€РёР±РєР° РѕР¶РёРґР°РЅРёСЏ
2021-06-17 00:00:05,488 ERROR      Server_models РћС€РёР±РєР° РѕР¶РёРґР°РЅРёСЏ
2021-06-17 00:00:05,597 ERROR      Server_models РћС€РёР±РєР° РѕР¶РёРґР°РЅРёСЏ
2021-06-17 00:00:05,705 ERROR      Server_models РћС€РёР±РєР° РѕР¶РёРґР°РЅРёСЏ
2021-06-17 00:00:05,815 ERROR      Server_models РћС€РёР±РєР° РѕР¶РёРґР°РЅРёСЏ
2021-06-17 00:00:05,923 ERROR      Server_models РћС€РёР±РєР° РѕР¶РёРґР°РЅРёСЏ
2021-06-17 00:00:06,033 ERROR      Server_models РћС€РёР±РєР° РѕР¶РёРґР°РЅРёСЏ
2021-06-17 00:00:06,142 ERROR      Server_models РћС€РёР±РєР° РѕР¶РёРґР°РЅРёСЏ
2021-06-17 00:00:06,250 ERROR      Server_models РћС€РёР±РєР° РѕР¶РёРґР°РЅРёСЏ
2021-06-17 00:00:06,360 ERROR      Server_models РћС€РёР±РєР° РѕР¶РёРґР°РЅРёСЏ
2021-06-17 00:00:06,468 ERROR      Server_models РћС€РёР±РєР° РѕР¶РёРґР°РЅРёСЏ
2021-06-17 00:00:06,576 ERROR      Server_models РћС€РёР±РєР° РѕР¶РёРґР°РЅРёСЏ
2021-06-17 00:00:06,684 ERROR      Server_models РћС€РёР±РєР° РѕР¶РёРґР°РЅРёСЏ
2021-06-17 00:00:06,793 ERROR      Server_models РћС€РёР±РєР° РѕР¶РёРґР°РЅРёСЏ
2021-06-17 00:00:06,904 ERROR      Server_models РћС€РёР±РєР° РѕР¶РёРґР°РЅРёСЏ
2021-06-17 00:00:07,014 ERROR      Server_models РћС€РёР±РєР° РѕР¶РёРґР°РЅРёСЏ
2021-06-17 00:00:07,124 ERROR      Server_models РћС€РёР±РєР° РѕР¶РёРґР°РЅРёСЏ
2021-06-17 00:00:07,232 ERROR      Server_models РћС€РёР±РєР° РѕР¶РёРґР°РЅРёСЏ
2021-06-17 00:00:07,341 ERROR      Server_models РћС€РёР±РєР° РѕР¶РёРґР°РЅРёСЏ
2021-06-17 00:00:07,450 ERROR      Server_models РћС€РёР±РєР° РѕР¶РёРґР°РЅРёСЏ
2021-06-17 00:00:07,560 ERROR      Server_models РћС€РёР±РєР° РѕР¶РёРґР°РЅРёСЏ
2021-06-17 00:00:07,669 ERROR      Server_models РћС€РёР±РєР° РѕР¶РёРґР°РЅРёСЏ
2021-06-17 00:00:07,780 ERROR      Server_models РћС€РёР±РєР° РѕР¶РёРґР°РЅРёСЏ
2021-06-17 00:00:07,887 ERROR      Server_models РћС€РёР±РєР° РѕР¶РёРґР°РЅРёСЏ
2021-06-17 00:00:07,997 ERROR      Server_models РћС€РёР±РєР° РѕР¶РёРґР°РЅРёСЏ
2021-06-17 00:00:08,106 ERROR      Server_models РћС€РёР±РєР° РѕР¶РёРґР°РЅРёСЏ
2021-06-17 00:00:08,216 ERROR      Server_models РћС€РёР±РєР° РѕР¶РёРґР°РЅРёСЏ
2021-06-17 00:00:08,323 ERROR      Server_models РћС€РёР±РєР° РѕР¶РёРґР°РЅРёСЏ
2021-06-17 00:00:08,432 ERROR      Server_models РћС€РёР±РєР° РѕР¶РёРґР°РЅРёСЏ
2021-06-17 00:00:08,540 ERROR      Server_models РћС€РёР±РєР° РѕР¶РёРґР°РЅРёСЏ
2021-06-17 00:00:08,650 ERROR      Server_models РћС€РёР±РєР° РѕР¶РёРґР°РЅРёСЏ
2021-06-17 00:00:08,758 ERROR      Server_models РћС€РёР±РєР° РѕР¶РёРґР°РЅРёСЏ
2021-06-17 00:00:08,868 ERROR      Server_models РћС€РёР±РєР° РѕР¶РёРґР°РЅРёСЏ
2021-06-17 00:00:08,979 ERROR      Server_models РћС€РёР±РєР° РѕР¶РёРґР°РЅРёСЏ
2021-06-17 00:00:09,088 ERROR      Server_models РћС€РёР±РєР° РѕР¶РёРґР°РЅРёСЏ
2021-06-17 00:00:09,196 ERROR      Server_models РћС€РёР±РєР° РѕР¶РёРґР°РЅРёСЏ
2021-06-17 00:00:09,304 ERROR      Server_models РћС€РёР±РєР° РѕР¶РёРґР°РЅРёСЏ
2021-06-17 00:00:09,415 ERROR      Server_models РћС€РёР±РєР° РѕР¶РёРґР°РЅРёСЏ
2021-06-17 00:00:09,522 ERROR      Server_models РћС€РёР±РєР° РѕР¶РёРґР°РЅРёСЏ
2021-06-17 00:00:09,631 ERROR      Server_models РћС€РёР±РєР° РѕР¶РёРґР°РЅРёСЏ
2021-06-17 00:00:09,741 ERROR      Server_models РћС€РёР±РєР° РѕР¶РёРґР°РЅРёСЏ
2021-06-17 00:00:09,849 ERROR      Server_models РћС€РёР±РєР° РѕР¶РёРґР°РЅРёСЏ
2021-06-17 00:00:09,957 ERROR      Server_models РћС€РёР±РєР° РѕР¶РёРґР°РЅРёСЏ
2021-06-17 00:00:10,068 ERROR      Server_models РћС€РёР±РєР° РѕР¶РёРґР°РЅРёСЏ
2021-06-17 00:00:10,179 ERROR      Server_models РћС€РёР±РєР° РѕР¶РёРґР°РЅРёСЏ
2021-06-17 00:00:10,286 ERROR      Server_models РћС€РёР±РєР° РѕР¶РёРґР°РЅРёСЏ
2021-06-17 00:00:10,395 ERROR      Server_models РћС€РёР±РєР° РѕР¶РёРґР°РЅРёСЏ
2021-06-17 00:00:10,504 ERROR      Server_models РћС€РёР±РєР° РѕР¶РёРґР°РЅРёСЏ
2021-06-17 00:00:10,614 ERROR      Server_models РћС€РёР±РєР° РѕР¶РёРґР°РЅРёСЏ
2021-06-17 00:00:10,724 ERROR      Server_models РћС€РёР±РєР° РѕР¶РёРґР°РЅРёСЏ
2021-06-17 00:00:10,833 ERROR      Server_models РћС€РёР±РєР° РѕР¶РёРґР°РЅРёСЏ
2021-06-17 00:00:10,943 ERROR      Server_models РћС€РёР±РєР° РѕР¶РёРґР°РЅРёСЏ
2021-06-17 00:00:11,051 ERROR      Server_models РћС€РёР±РєР° РѕР¶РёРґР°РЅРёСЏ
2021-06-17 00:00:11,160 ERROR      Server_models РћС€РёР±РєР° РѕР¶РёРґР°РЅРёСЏ
2021-06-17 00:00:11,268 ERROR      Server_models РћС€РёР±РєР° РѕР¶РёРґР°РЅРёСЏ
2021-06-17 00:00:11,375 ERROR      Server_models РћС€РёР±РєР° РѕР¶РёРґР°РЅРёСЏ
2021-06-17 00:00:11,483 ERROR      Server_models РћС€РёР±РєР° РѕР¶РёРґР°РЅРёСЏ
2021-06-17 00:00:11,591 ERROR      Server_models РћС€РёР±РєР° РѕР¶РёРґР°РЅРёСЏ
2021-06-17 00:00:11,701 ERROR      Server_models РћС€РёР±РєР° РѕР¶РёРґР°РЅРёСЏ
2021-06-17 00:00:11,808 ERROR      Server_models РћС€РёР±РєР° РѕР¶РёРґР°РЅРёСЏ
2021-06-17 00:00:11,916 ERROR      Server_models РћС€РёР±РєР° РѕР¶РёРґР°РЅРёСЏ
2021-06-17 00:00:12,024 ERROR      Server_models РћС€РёР±РєР° РѕР¶РёРґР°РЅРёСЏ
2021-06-17 00:00:12,133 ERROR      Server_models РћС€РёР±РєР° РѕР¶РёРґР°РЅРёСЏ
2021-06-17 00:00:12,241 ERROR      Server_models РћС€РёР±РєР° РѕР¶РёРґР°РЅРёСЏ
2021-06-17 00:00:12,351 ERROR      Server_models РћС€РёР±РєР° РѕР¶РёРґР°РЅРёСЏ
2021-06-17 00:00:12,460 ERROR      Server_models РћС€РёР±РєР° РѕР¶РёРґР°РЅРёСЏ
2021-06-17 00:00:12,569 ERROR      Server_models РћС€РёР±РєР° РѕР¶РёРґР°РЅРёСЏ
2021-06-17 00:00:12,677 ERROR      Server_models РћС€РёР±РєР° РѕР¶РёРґР°РЅРёСЏ
2021-06-17 00:00:12,785 ERROR      Server_models РћС€РёР±РєР° РѕР¶РёРґР°РЅРёСЏ
2021-06-17 00:00:12,896 ERROR      Server_models РћС€РёР±РєР° РѕР¶РёРґР°РЅРёСЏ
2021-06-17 00:00:13,004 ERROR      Server_models РћС€РёР±РєР° РѕР¶РёРґР°РЅРёСЏ
2021-06-17 00:00:13,114 ERROR      Server_models РћС€РёР±РєР° РѕР¶РёРґР°РЅРёСЏ
2021-06-17 00:00:13,223 ERROR      Server_models РћС€РёР±РєР° РѕР¶РёРґР°РЅРёСЏ
2021-06-17 00:00:13,334 ERROR      Server_models РћС€РёР±РєР° РѕР¶РёРґР°РЅРёСЏ
2021-06-17 00:00:13,445 ERROR      Server_models РћС€РёР±РєР° РѕР¶РёРґР°РЅРёСЏ
2021-06-17 00:00:13,552 ERROR      Server_models РћС€РёР±РєР° РѕР¶РёРґР°РЅРёСЏ
2021-06-17 00:00:13,660 ERROR      Server_models РћС€РёР±РєР° РѕР¶РёРґР°РЅРёСЏ
2021-06-17 00:00:13,768 ERROR      Server_models РћС€РёР±РєР° РѕР¶РёРґР°РЅРёСЏ
2021-06-17 00:00:13,877 ERROR      Server_models РћС€РёР±РєР° РѕР¶РёРґР°РЅРёСЏ
2021-06-17 00:00:13,984 ERROR      Server_models РћС€РёР±РєР° РѕР¶РёРґР°РЅРёСЏ
2021-06-17 00:00:14,092 ERROR      Server_models РћС€РёР±РєР° РѕР¶РёРґР°РЅРёСЏ
2021-06-17 00:00:14,201 ERROR      Server_models РћС€РёР±РєР° РѕР¶РёРґР°РЅРёСЏ
2021-06-17 00:00:14,307 ERROR      Server_models РћС€РёР±РєР° РѕР¶РёРґР°РЅРёСЏ
2021-06-17 00:00:14,416 ERROR      Server_models РћС€РёР±РєР° РѕР¶РёРґР°РЅРёСЏ
2021-06-17 00:00:14,528 ERROR      Server_models РћС€РёР±РєР° РѕР¶РёРґР°РЅРёСЏ
2021-06-17 00:00:14,636 ERROR      Server_models РћС€РёР±РєР° РѕР¶РёРґР°РЅРёСЏ
2021-06-17 00:00:14,748 ERROR      Server_models РћС€РёР±РєР° РѕР¶РёРґР°РЅРёСЏ
2021-06-17 00:00:14,857 ERROR      Server_models РћС€РёР±РєР° РѕР¶РёРґР°РЅРёСЏ
2021-06-17 00:00:14,967 ERROR      Server_models РћС€РёР±РєР° РѕР¶РёРґР°РЅРёСЏ
2021-06-17 00:00:15,077 ERROR      Server_models РћС€РёР±РєР° РѕР¶РёРґР°РЅРёСЏ
2021-06-17 00:00:15,185 ERROR      Server_models РћС€РёР±РєР° РѕР¶РёРґР°РЅРёСЏ
2021-06-17 00:00:15,295 ERROR      Server_models РћС€РёР±РєР° РѕР¶РёРґР°РЅРёСЏ
2021-06-17 00:00:15,404 ERROR      Server_models РћС€РёР±РєР° РѕР¶РёРґР°РЅРёСЏ
2021-06-17 00:00:15,515 ERROR      Server_models РћС€РёР±РєР° РѕР¶РёРґР°РЅРёСЏ
2021-06-17 00:00:15,622 ERROR      Server_models РћС€РёР±РєР° РѕР¶РёРґР°РЅРёСЏ
2021-06-17 00:00:15,730 ERROR      Server_models РћС€РёР±РєР° РѕР¶РёРґР°РЅРёСЏ
2021-06-17 00:00:15,839 ERROR      Server_models РћС€РёР±РєР° РѕР¶РёРґР°РЅРёСЏ
2021-06-17 00:00:15,947 ERROR      Server_models РћС€РёР±РєР° РѕР¶РёРґР°РЅРёСЏ
2021-06-17 00:00:16,055 ERROR      Server_models РћС€РёР±РєР° РѕР¶РёРґР°РЅРёСЏ
2021-06-17 00:00:16,164 ERROR      Server_models РћС€РёР±РєР° РѕР¶РёРґР°РЅРёСЏ
2021-06-17 00:00:16,271 ERROR      Server_models РћС€РёР±РєР° РѕР¶РёРґР°РЅРёСЏ
2021-06-17 00:00:16,379 ERROR      Server_models РћС€РёР±РєР° РѕР¶РёРґР°РЅРёСЏ
2021-06-17 00:00:16,488 ERROR      Server_models РћС€РёР±РєР° РѕР¶РёРґР°РЅРёСЏ
2021-06-17 00:00:16,598 ERROR      Server_models РћС€РёР±РєР° РѕР¶РёРґР°РЅРёСЏ
2021-06-17 00:00:16,705 ERROR      Server_models РћС€РёР±РєР° РѕР¶РёРґР°РЅРёСЏ
2021-06-17 00:00:16,813 ERROR      Server_models РћС€РёР±РєР° РѕР¶РёРґР°РЅРёСЏ
2021-06-17 00:00:16,921 ERROR      Server_models РћС€РёР±РєР° РѕР¶РёРґР°РЅРёСЏ
2021-06-17 00:00:17,029 ERROR      Server_models РћС€РёР±РєР° РѕР¶РёРґР°РЅРёСЏ
2021-06-17 00:00:17,138 ERROR      Server_models РћС€РёР±РєР° РѕР¶РёРґР°РЅРёСЏ
2021-06-17 00:00:17,246 ERROR      Server_models РћС€РёР±РєР° РѕР¶РёРґР°РЅРёСЏ
2021-06-17 00:00:17,355 ERROR      Server_models РћС€РёР±РєР° РѕР¶РёРґР°РЅРёСЏ
2021-06-17 00:00:17,465 ERROR      Server_models РћС€РёР±РєР° РѕР¶РёРґР°РЅРёСЏ
2021-06-17 00:00:17,575 ERROR      Server_models РћС€РёР±РєР° РѕР¶РёРґР°РЅРёСЏ
2021-06-17 00:00:17,686 ERROR      Server_models РћС€РёР±РєР° РѕР¶РёРґР°РЅРёСЏ
2021-06-17 00:00:17,795 ERROR      Server_models РћС€РёР±РєР° РѕР¶РёРґР°РЅРёСЏ
2021-06-17 00:00:17,902 ERROR      Server_models РћС€РёР±РєР° РѕР¶РёРґР°РЅРёСЏ
2021-06-17 00:00:18,010 ERROR      Server_models РћС€РёР±РєР° РѕР¶РёРґР°РЅРёСЏ
2021-06-17 00:00:18,117 ERROR      Server_models РћС€РёР±РєР° РѕР¶РёРґР°РЅРёСЏ
2021-06-17 00:00:18,226 ERROR      Server_models РћС€РёР±РєР° РѕР¶РёРґР°РЅРёСЏ
2021-06-17 00:00:18,335 ERROR      Server_models РћС€РёР±РєР° РѕР¶РёРґР°РЅРёСЏ
2021-06-17 00:00:18,444 ERROR      Server_models РћС€РёР±РєР° РѕР¶РёРґР°РЅРёСЏ
2021-06-17 00:00:18,551 ERROR      Server_models РћС€РёР±РєР° РѕР¶РёРґР°РЅРёСЏ
2021-06-17 00:00:18,660 ERROR      Server_models РћС€РёР±РєР° РѕР¶РёРґР°РЅРёСЏ
2021-06-17 00:00:18,768 ERROR      Server_models РћС€РёР±РєР° РѕР¶РёРґР°РЅРёСЏ
2021-06-17 00:00:18,877 ERROR      Server_models РћС€РёР±РєР° РѕР¶РёРґР°РЅРёСЏ
2021-06-17 00:00:18,986 ERROR      Server_models РћС€РёР±РєР° РѕР¶РёРґР°РЅРёСЏ
2021-06-17 00:00:19,093 ERROR      Server_models РћС€РёР±РєР° РѕР¶РёРґР°РЅРёСЏ
2021-06-17 00:00:19,203 ERROR      Server_models РћС€РёР±РєР° РѕР¶РёРґР°РЅРёСЏ
2021-06-17 00:00:19,313 ERROR      Server_models РћС€РёР±РєР° РѕР¶РёРґР°РЅРёСЏ
2021-06-17 00:00:19,414 ERROR      Server_models РћС€РёР±РєР° РѕР¶РёРґР°РЅРёСЏ
2021-06-17 00:00:19,521 ERROR      Server_models РћС€РёР±РєР° РѕР¶РёРґР°РЅРёСЏ
2021-06-17 00:00:19,632 ERROR      Server_models РћС€РёР±РєР° РѕР¶РёРґР°РЅРёСЏ
2021-06-17 00:00:19,685 ERROR      Server_models РћР¶РёРґР°РЅРёСЏ РєР»РёРµРЅС‚Р° accept
2021-06-17 00:00:19,686 INFO       Server_models РљРѕРґ РѕС‚РІРµС‚Р° 200 РђРІС‚РѕСЂРёР·Р°С†РёСЏ СѓСЃРїРµС€РЅР°.
2021-06-17 00:00:19,686 INFO       Server_models РћС‚РІРµС‚ СЃРµСЂРІРµСЂР° {'respons': 200, 'message': 'РђРІС‚РѕСЂРёР·Р°С†РёСЏ РїСЂРѕС€Р»Р° СѓСЃРїРµС€РЅР°СЏ.Р”РѕР±СЂРѕ РїРѕР¶Р°Р»РѕРІР°С‚СЊ РІ С‡Р°С‚ Nikolay '}
2021-06-17 00:00:19,686 INFO       Server_models РџСЂРѕРёР·РѕС€Р»Р° СѓРїР°РєРѕРІРєР° РґР°РЅРЅС‹С… Рё РѕС‚РїСЂР°РІРєР° РґР°РЅРЅС‹С… РЅР° РєР»РёРµРЅС‚
2021-06-17 00:00:19,686 INFO       Server_models РЎРµСЃСЃРёСЏ Р·Р°РєСЂС‹С‚Р°
2021-06-17 00:00:19,786 ERROR      Server_models РћС€РёР±РєР° РѕР¶РёРґР°РЅРёСЏ
2021-06-17 00:00:19,895 ERROR      Server_models РћС€РёР±РєР° РѕР¶РёРґР°РЅРёСЏ
2021-06-17 00:00:20,002 ERROR      Server_models РћС€РёР±РєР° РѕР¶РёРґР°РЅРёСЏ
2021-06-17 00:00:20,111 ERROR      Server_models РћС€РёР±РєР° РѕР¶РёРґР°РЅРёСЏ
2021-06-17 00:00:20,218 ERROR      Server_models РћС€РёР±РєР° РѕР¶РёРґР°РЅРёСЏ
2021-06-17 00:00:20,329 ERROR      Server_models РћС€РёР±РєР° РѕР¶РёРґР°РЅРёСЏ
2021-06-17 00:00:20,437 ERROR      Server_models РћС€РёР±РєР° РѕР¶РёРґР°РЅРёСЏ
2021-06-17 00:00:20,546 ERROR      Server_models РћС€РёР±РєР° РѕР¶РёРґР°РЅРёСЏ
2021-06-17 00:00:20,655 ERROR      Server_models РћС€РёР±РєР° РѕР¶РёРґР°РЅРёСЏ
2021-06-17 00:00:20,764 ERROR      Server_models РћС€РёР±РєР° РѕР¶РёРґР°РЅРёСЏ
2021-06-17 00:00:20,872 ERROR      Server_models РћС€РёР±РєР° РѕР¶РёРґР°РЅРёСЏ
2021-06-17 00:00:20,980 ERROR      Server_models РћС€РёР±РєР° РѕР¶РёРґР°РЅРёСЏ
2021-06-17 00:00:21,090 ERROR      Server_models РћС€РёР±РєР° РѕР¶РёРґР°РЅРёСЏ
2021-06-17 00:00:21,200 ERROR      Server_models РћС€РёР±РєР° РѕР¶РёРґР°РЅРёСЏ
2021-06-17 00:00:21,310 ERROR      Server_models РћС€РёР±РєР° РѕР¶РёРґР°РЅРёСЏ
2021-06-17 00:00:21,419 ERROR      Server_models РћС€РёР±РєР° РѕР¶РёРґР°РЅРёСЏ
2021-06-17 00:00:21,528 ERROR      Server_models РћС€РёР±РєР° РѕР¶РёРґР°РЅРёСЏ
2021-06-17 00:00:21,636 ERROR      Server_models РћС€РёР±РєР° РѕР¶РёРґР°РЅРёСЏ
2021-06-17 00:00:21,743 ERROR      Server_models РћС€РёР±РєР° РѕР¶РёРґР°РЅРёСЏ
2021-06-17 00:00:21,854 ERROR      Server_models РћС€РёР±РєР° РѕР¶РёРґР°РЅРёСЏ
2021-06-17 00:00:21,964 ERROR      Server_models РћС€РёР±РєР° РѕР¶РёРґР°РЅРёСЏ
2021-06-17 00:00:22,074 ERROR      Server_models РћС€РёР±РєР° РѕР¶РёРґР°РЅРёСЏ
2021-06-17 00:00:22,182 ERROR      Server_models РћС€РёР±РєР° РѕР¶РёРґР°РЅРёСЏ
2021-06-17 00:00:22,292 ERROR      Server_models РћС€РёР±РєР° РѕР¶РёРґР°РЅРёСЏ
2021-06-17 00:00:22,404 ERROR      Server_models РћС€РёР±РєР° РѕР¶РёРґР°РЅРёСЏ
2021-06-17 00:00:22,513 ERROR      Server_models РћС€РёР±РєР° РѕР¶РёРґР°РЅРёСЏ
2021-06-17 00:00:22,622 ERROR      Server_models РћС€РёР±РєР° РѕР¶РёРґР°РЅРёСЏ
2021-06-17 00:00:22,731 ERROR      Server_models РћС€РёР±РєР° РѕР¶РёРґР°РЅРёСЏ
2021-06-17 00:00:22,839 ERROR      Server_models РћС€РёР±РєР° РѕР¶РёРґР°РЅРёСЏ
2021-06-17 00:00:22,947 ERROR      Server_models РћС€РёР±РєР° РѕР¶РёРґР°РЅРёСЏ
2021-06-17 00:00:23,058 ERROR      Server_models РћС€РёР±РєР° РѕР¶РёРґР°РЅРёСЏ
2021-06-17 00:00:23,169 ERROR      Server_models РћС€РёР±РєР° РѕР¶РёРґР°РЅРёСЏ
2021-06-17 00:00:23,278 ERROR      Server_models РћС€РёР±РєР° РѕР¶РёРґР°РЅРёСЏ
2021-06-17 00:00:23,384 ERROR      Server_models РћС€РёР±РєР° РѕР¶РёРґР°РЅРёСЏ
2021-06-17 00:00:23,494 ERROR      Server_models РћС€РёР±РєР° РѕР¶РёРґР°РЅРёСЏ
2021-06-17 00:00:23,603 ERROR      Server_models РћС€РёР±РєР° РѕР¶РёРґР°РЅРёСЏ
2021-06-17 00:00:23,711 ERROR      Server_models РћС€РёР±РєР° РѕР¶РёРґР°РЅРёСЏ
2021-06-17 00:00:23,820 ERROR      Server_models РћС€РёР±РєР° РѕР¶РёРґР°РЅРёСЏ
2021-06-17 00:00:23,930 ERROR      Server_models РћС€РёР±РєР° РѕР¶РёРґР°РЅРёСЏ
2021-06-17 00:00:24,038 ERROR      Server_models РћС€РёР±РєР° РѕР¶РёРґР°РЅРёСЏ
2021-06-17 00:00:24,150 ERROR      Server_models РћС€РёР±РєР° РѕР¶РёРґР°РЅРёСЏ
2021-06-17 00:00:24,260 ERROR      Server_models РћС€РёР±РєР° РѕР¶РёРґР°РЅРёСЏ
2021-06-17 00:00:24,368 ERROR      Server_models РћС€РёР±РєР° РѕР¶РёРґР°РЅРёСЏ
2021-06-17 00:00:24,478 ERROR      Server_models РћС€РёР±РєР° РѕР¶РёРґР°РЅРёСЏ
2021-06-17 00:00:24,587 ERROR      Server_models РћС€РёР±РєР° РѕР¶РёРґР°РЅРёСЏ
2021-06-17 00:00:24,694 ERROR      Server_models РћС€РёР±РєР° РѕР¶РёРґР°РЅРёСЏ
2021-06-17 00:00:24,803 ERROR      Server_models РћС€РёР±РєР° РѕР¶РёРґР°РЅРёСЏ
2021-06-17 00:00:24,911 ERROR      Server_models РћС€РёР±РєР° РѕР¶РёРґР°РЅРёСЏ
2021-06-17 00:00:25,019 ERROR      Server_models РћС€РёР±РєР° РѕР¶РёРґР°РЅРёСЏ
2021-06-17 00:00:25,130 ERROR      Server_models РћС€РёР±РєР° РѕР¶РёРґР°РЅРёСЏ
2021-06-17 00:00:25,238 ERROR      Server_models РћС€РёР±РєР° РѕР¶РёРґР°РЅРёСЏ
2021-06-17 00:00:25,347 ERROR      Server_models РћС€РёР±РєР° РѕР¶РёРґР°РЅРёСЏ
2021-06-17 00:00:25,455 ERROR      Server_models РћС€РёР±РєР° РѕР¶РёРґР°РЅРёСЏ
2021-06-17 00:00:25,563 ERROR      Server_models РћС€РёР±РєР° РѕР¶РёРґР°РЅРёСЏ
2021-06-17 00:00:25,670 ERROR      Server_models РћС€РёР±РєР° РѕР¶РёРґР°РЅРёСЏ
2021-06-17 00:00:25,779 ERROR      Server_models РћС€РёР±РєР° РѕР¶РёРґР°РЅРёСЏ
2021-06-17 00:00:25,888 ERROR      Server_models РћС€РёР±РєР° РѕР¶РёРґР°РЅРёСЏ
2021-06-17 00:00:25,995 ERROR      Server_models РћС€РёР±РєР° РѕР¶РёРґР°РЅРёСЏ
2021-06-17 00:00:26,104 ERROR      Server_models РћС€РёР±РєР° РѕР¶РёРґР°РЅРёСЏ
2021-06-17 00:00:26,212 ERROR      Server_models РћС€РёР±РєР° РѕР¶РёРґР°РЅРёСЏ
2021-06-17 00:00:26,324 ERROR      Server_models РћС€РёР±РєР° РѕР¶РёРґР°РЅРёСЏ
2021-06-17 00:00:26,432 ERROR      Server_models РћС€РёР±РєР° РѕР¶РёРґР°РЅРёСЏ
2021-06-17 00:00:26,540 ERROR      Server_models РћС€РёР±РєР° РѕР¶РёРґР°РЅРёСЏ
2021-06-17 00:00:26,651 ERROR      Server_models РћС€РёР±РєР° РѕР¶РёРґР°РЅРёСЏ
2021-06-17 00:00:26,760 ERROR      Server_models РћС€РёР±РєР° РѕР¶РёРґР°РЅРёСЏ
2021-06-17 00:00:26,867 ERROR      Server_models РћС€РёР±РєР° РѕР¶РёРґР°РЅРёСЏ
2021-06-17 00:00:26,975 ERROR      Server_models РћС€РёР±РєР° РѕР¶РёРґР°РЅРёСЏ
2021-06-17 00:00:27,082 ERROR      Server_models РћС€РёР±РєР° РѕР¶РёРґР°РЅРёСЏ
2021-06-17 00:00:27,190 ERROR      Server_models РћС€РёР±РєР° РѕР¶РёРґР°РЅРёСЏ
2021-06-17 00:00:27,298 ERROR      Server_models РћС€РёР±РєР° РѕР¶РёРґР°РЅРёСЏ
2021-06-17 00:00:27,408 ERROR      Server_models РћС€РёР±РєР° РѕР¶РёРґР°РЅРёСЏ
2021-06-17 00:00:27,517 ERROR      Server_models РћС€РёР±РєР° РѕР¶РёРґР°РЅРёСЏ
2021-06-17 00:00:27,625 ERROR      Server_models РћС€РёР±РєР° РѕР¶РёРґР°РЅРёСЏ
2021-06-17 00:00:27,734 ERROR      Server_models РћС€РёР±РєР° РѕР¶РёРґР°РЅРёСЏ
2021-06-17 00:00:27,844 ERROR      Server_models РћС€РёР±РєР° РѕР¶РёРґР°РЅРёСЏ
2021-06-17 00:00:27,953 ERROR      Server_models РћС€РёР±РєР° РѕР¶РёРґР°РЅРёСЏ
2021-06-17 00:00:28,060 ERROR      Server_models РћС€РёР±РєР° РѕР¶РёРґР°РЅРёСЏ
2021-06-17 00:00:28,170 ERROR      Server_models РћС€РёР±РєР° РѕР¶РёРґР°РЅРёСЏ
2021-06-17 00:00:28,278 ERROR      Server_models РћС€РёР±РєР° РѕР¶РёРґР°РЅРёСЏ
2021-06-17 00:00:28,385 ERROR      Server_models РћС€РёР±РєР° РѕР¶РёРґР°РЅРёСЏ
2021-06-17 00:00:28,493 ERROR      Server_models РћС€РёР±РєР° РѕР¶РёРґР°РЅРёСЏ
2021-06-17 00:00:28,602 ERROR      Server_models РћС€РёР±РєР° РѕР¶РёРґР°РЅРёСЏ
2021-06-17 00:00:28,710 ERROR      Server_models РћС€РёР±РєР° РѕР¶РёРґР°РЅРёСЏ
2021-06-17 00:00:28,818 ERROR      Server_models РћС€РёР±РєР° РѕР¶РёРґР°РЅРёСЏ
2021-06-17 00:00:28,928 ERROR      Server_models РћС€РёР±РєР° РѕР¶РёРґР°РЅРёСЏ
2021-06-17 00:00:29,035 ERROR      Server_models РћС€РёР±РєР° РѕР¶РёРґР°РЅРёСЏ
2021-06-17 00:00:29,145 ERROR      Server_models РћС€РёР±РєР° РѕР¶РёРґР°РЅРёСЏ
2021-06-17 00:00:29,253 ERROR      Server_models РћС€РёР±РєР° РѕР¶РёРґР°РЅРёСЏ
2021-06-17 00:00:29,360 ERROR      Server_models РћС€РёР±РєР° РѕР¶РёРґР°РЅРёСЏ
2021-06-17 00:00:29,470 ERROR      Server_models РћС€РёР±РєР° РѕР¶РёРґР°РЅРёСЏ
2021-06-17 00:00:29,580 ERROR      Server_models РћС€РёР±РєР° РѕР¶РёРґР°РЅРёСЏ
2021-06-17 00:00:29,688 ERROR      Server_models РћС€РёР±РєР° РѕР¶РёРґР°РЅРёСЏ
2021-06-17 00:00:29,796 ERROR      Server_models РћС€РёР±РєР° РѕР¶РёРґР°РЅРёСЏ
2021-06-17 00:00:29,904 ERROR      Server_models РћС€РёР±РєР° РѕР¶РёРґР°РЅРёСЏ
2021-06-17 00:00:30,010 ERROR      Server_models РћС€РёР±РєР° РѕР¶РёРґР°РЅРёСЏ
2021-06-17 00:00:30,119 ERROR      Server_models РћС€РёР±РєР° РѕР¶РёРґР°РЅРёСЏ
2021-06-17 00:00:30,226 ERROR      Server_models РћС€РёР±РєР° РѕР¶РёРґР°РЅРёСЏ
2021-06-17 00:00:30,335 ERROR      Server_models РћС€РёР±РєР° РѕР¶РёРґР°РЅРёСЏ
2021-06-17 00:00:30,444 ERROR      Server_models РћС€РёР±РєР° РѕР¶РёРґР°РЅРёСЏ
2021-06-17 00:00:30,553 ERROR      Server_models РћС€РёР±РєР° РѕР¶РёРґР°РЅРёСЏ
2021-06-17 00:00:30,661 ERROR      Server_models РћС€РёР±РєР° РѕР¶РёРґР°РЅРёСЏ
2021-06-17 00:00:30,769 ERROR      Server_models РћС€РёР±РєР° РѕР¶РёРґР°РЅРёСЏ
2021-06-17 00:00:30,877 ERROR      Server_models РћС€РёР±РєР° РѕР¶РёРґР°РЅРёСЏ
2021-06-17 00:00:30,985 ERROR      Server_models РћС€РёР±РєР° РѕР¶РёРґР°РЅРёСЏ
2021-06-17 00:00:31,095 ERROR      Server_models РћС€РёР±РєР° РѕР¶РёРґР°РЅРёСЏ
2021-06-17 00:00:31,206 ERROR      Server_models РћС€РёР±РєР° РѕР¶РёРґР°РЅРёСЏ
2021-06-17 00:00:31,315 ERROR      Server_models РћС€РёР±РєР° РѕР¶РёРґР°РЅРёСЏ
2021-06-17 00:00:31,425 ERROR      Server_models РћС€РёР±РєР° РѕР¶РёРґР°РЅРёСЏ
2021-06-17 00:00:31,533 ERROR      Server_models РћС€РёР±РєР° РѕР¶РёРґР°РЅРёСЏ
2021-06-17 00:00:31,642 ERROR      Server_models РћС€РёР±РєР° РѕР¶РёРґР°РЅРёСЏ
2021-06-17 00:00:31,753 ERROR      Server_models РћС€РёР±РєР° РѕР¶РёРґР°РЅРёСЏ
2021-06-17 00:00:31,862 ERROR      Server_models РћС€РёР±РєР° РѕР¶РёРґР°РЅРёСЏ
2021-06-17 00:00:31,971 ERROR      Server_models РћС€РёР±РєР° РѕР¶РёРґР°РЅРёСЏ
2021-06-17 00:00:32,080 ERROR      Server_models РћС€РёР±РєР° РѕР¶РёРґР°РЅРёСЏ
2021-06-17 00:00:32,186 ERROR      Server_models РћС€РёР±РєР° РѕР¶РёРґР°РЅРёСЏ
2021-06-17 00:00:32,296 ERROR      Server_models РћС€РёР±РєР° РѕР¶РёРґР°РЅРёСЏ
2021-06-17 00:00:32,405 ERROR      Server_models РћС€РёР±РєР° РѕР¶РёРґР°РЅРёСЏ
2021-06-17 00:00:32,514 ERROR      Server_models РћС€РёР±РєР° РѕР¶РёРґР°РЅРёСЏ
2021-06-17 00:00:32,621 ERROR      Server_models РћС€РёР±РєР° РѕР¶РёРґР°РЅРёСЏ
2021-06-17 00:00:32,729 ERROR      Server_models РћС€РёР±РєР° РѕР¶РёРґР°РЅРёСЏ
2021-06-17 00:00:32,839 ERROR      Server_models РћС€РёР±РєР° РѕР¶РёРґР°РЅРёСЏ
2021-06-17 00:00:32,948 ERROR      Server_models РћС€РёР±РєР° РѕР¶РёРґР°РЅРёСЏ
2021-06-17 00:00:33,056 ERROR      Server_models РћС€РёР±РєР° РѕР¶РёРґР°РЅРёСЏ
2021-06-17 00:00:33,167 ERROR      Server_models РћС€РёР±РєР° РѕР¶РёРґР°РЅРёСЏ
2021-06-17 00:00:33,274 ERROR      Server_models РћС€РёР±РєР° РѕР¶РёРґР°РЅРёСЏ
2021-06-17 00:00:33,383 ERROR      Server_models РћС€РёР±РєР° РѕР¶РёРґР°РЅРёСЏ
2021-06-17 00:00:33,492 ERROR      Server_models РћС€РёР±РєР° РѕР¶РёРґР°РЅРёСЏ
2021-06-17 00:00:33,600 ERROR      Server_models РћС€РёР±РєР° РѕР¶РёРґР°РЅРёСЏ
2021-06-17 00:00:33,709 ERROR      Server_models РћС€РёР±РєР° РѕР¶РёРґР°РЅРёСЏ
2021-06-17 00:00:33,819 ERROR      Server_models РћС€РёР±РєР° РѕР¶РёРґР°РЅРёСЏ
2021-06-17 00:00:33,927 ERROR      Server_models РћС€РёР±РєР° РѕР¶РёРґР°РЅРёСЏ
2021-06-17 00:00:34,036 ERROR      Server_models РћС€РёР±РєР° РѕР¶РёРґР°РЅРёСЏ
2021-06-17 00:00:34,146 ERROR      Server_models РћС€РёР±РєР° РѕР¶РёРґР°РЅРёСЏ
2021-06-17 00:00:34,256 ERROR      Server_models РћС€РёР±РєР° РѕР¶РёРґР°РЅРёСЏ
2021-06-17 00:00:34,366 ERROR      Server_models РћС€РёР±РєР° РѕР¶РёРґР°РЅРёСЏ
2021-06-17 00:00:34,475 ERROR      Server_models РћС€РёР±РєР° РѕР¶РёРґР°РЅРёСЏ
2021-06-17 00:00:34,585 ERROR      Server_models РћС€РёР±РєР° РѕР¶РёРґР°РЅРёСЏ
2021-06-17 00:00:34,693 ERROR      Server_models РћС€РёР±РєР° РѕР¶РёРґР°РЅРёСЏ
2021-06-17 00:00:34,801 ERROR      Server_models РћС€РёР±РєР° РѕР¶РёРґР°РЅРёСЏ
2021-06-17 00:00:34,910 ERROR      Server_models РћС€РёР±РєР° РѕР¶РёРґР°РЅРёСЏ
2021-06-17 00:00:35,020 ERROR      Server_models РћС€РёР±РєР° РѕР¶РёРґР°РЅРёСЏ
2021-06-17 00:00:35,132 ERROR      Server_models РћС€РёР±РєР° РѕР¶РёРґР°РЅРёСЏ
2021-06-17 00:00:35,240 ERROR      Server_models РћС€РёР±РєР° РѕР¶РёРґР°РЅРёСЏ
2021-06-17 00:00:35,350 ERROR      Server_models РћС€РёР±РєР° РѕР¶РёРґР°РЅРёСЏ
2021-06-17 00:00:35,459 ERROR      Server_models РћС€РёР±РєР° РѕР¶РёРґР°РЅРёСЏ
2021-06-17 00:00:35,567 ERROR      Server_models РћС€РёР±РєР° РѕР¶РёРґР°РЅРёСЏ
2021-06-17 00:00:35,676 ERROR      Server_models РћС€РёР±РєР° РѕР¶РёРґР°РЅРёСЏ
2021-06-17 00:00:35,786 ERROR      Server_models РћС€РёР±РєР° РѕР¶РёРґР°РЅРёСЏ
2021-06-17 00:00:35,896 ERROR      Server_models РћС€РёР±РєР° РѕР¶РёРґР°РЅРёСЏ
2021-06-17 00:00:36,007 ERROR      Server_models РћС€РёР±РєР° РѕР¶РёРґР°РЅРёСЏ
2021-06-17 00:00:36,114 ERROR      Server_models РћС€РёР±РєР° РѕР¶РёРґР°РЅРёСЏ
2021-06-17 00:00:36,224 ERROR      Server_models РћС€РёР±РєР° РѕР¶РёРґР°РЅРёСЏ
2021-06-17 00:00:36,333 ERROR      Server_models РћС€РёР±РєР° РѕР¶РёРґР°РЅРёСЏ
2021-06-17 00:00:36,442 ERROR      Server_models РћС€РёР±РєР° РѕР¶РёРґР°РЅРёСЏ
2021-06-17 00:00:36,550 ERROR      Server_models РћС€РёР±РєР° РѕР¶РёРґР°РЅРёСЏ
2021-06-17 00:00:36,659 ERROR      Server_models РћС€РёР±РєР° РѕР¶РёРґР°РЅРёСЏ
2021-06-17 00:00:36,768 ERROR      Server_models РћС€РёР±РєР° РѕР¶РёРґР°РЅРёСЏ
2021-06-17 00:00:36,877 ERROR      Server_models РћС€РёР±РєР° РѕР¶РёРґР°РЅРёСЏ
2021-06-17 00:00:36,986 ERROR      Server_models РћС€РёР±РєР° РѕР¶РёРґР°РЅРёСЏ
2021-06-17 00:00:37,095 ERROR      Server_models РћС€РёР±РєР° РѕР¶РёРґР°РЅРёСЏ
2021-06-17 00:00:37,204 ERROR      Server_models РћС€РёР±РєР° РѕР¶РёРґР°РЅРёСЏ
2021-06-17 00:00:37,313 ERROR      Server_models РћС€РёР±РєР° РѕР¶РёРґР°РЅРёСЏ
2021-06-17 00:00:37,422 ERROR      Server_models РћС€РёР±РєР° РѕР¶РёРґР°РЅРёСЏ
2021-06-17 00:00:37,530 ERROR      Server_models РћС€РёР±РєР° РѕР¶РёРґР°РЅРёСЏ
2021-06-17 00:00:37,640 ERROR      Server_models РћС€РёР±РєР° РѕР¶РёРґР°РЅРёСЏ
2021-06-17 00:00:37,750 ERROR      Server_models РћС€РёР±РєР° РѕР¶РёРґР°РЅРёСЏ
2021-06-17 00:00:37,861 ERROR      Server_models РћС€РёР±РєР° РѕР¶РёРґР°РЅРёСЏ
2021-06-17 00:00:37,969 ERROR      Server_models РћС€РёР±РєР° РѕР¶РёРґР°РЅРёСЏ
2021-06-17 00:00:38,077 ERROR      Server_models РћС€РёР±РєР° РѕР¶РёРґР°РЅРёСЏ
2021-06-17 00:00:38,185 ERROR      Server_models РћС€РёР±РєР° РѕР¶РёРґР°РЅРёСЏ
2021-06-17 00:00:38,295 ERROR      Server_models РћС€РёР±РєР° РѕР¶РёРґР°РЅРёСЏ
2021-06-17 00:00:38,404 ERROR      Server_models РћС€РёР±РєР° РѕР¶РёРґР°РЅРёСЏ
2021-06-17 00:00:38,512 ERROR      Server_models РћС€РёР±РєР° РѕР¶РёРґР°РЅРёСЏ
2021-06-17 00:00:38,621 ERROR      Server_models РћС€РёР±РєР° РѕР¶РёРґР°РЅРёСЏ
2021-06-17 00:00:38,731 ERROR      Server_models РћС€РёР±РєР° РѕР¶РёРґР°РЅРёСЏ
2021-06-17 00:00:38,839 ERROR      Server_models РћС€РёР±РєР° РѕР¶РёРґР°РЅРёСЏ
2021-06-17 00:00:38,949 ERROR      Server_models РћС€РёР±РєР° РѕР¶РёРґР°РЅРёСЏ
2021-06-17 00:00:39,060 ERROR      Server_models РћС€РёР±РєР° РѕР¶РёРґР°РЅРёСЏ
2021-06-17 00:00:39,168 ERROR      Server_models РћС€РёР±РєР° РѕР¶РёРґР°РЅРёСЏ
2021-06-17 00:00:39,280 ERROR      Server_models РћС€РёР±РєР° РѕР¶РёРґР°РЅРёСЏ
2021-06-17 00:00:39,395 ERROR      Server_models РћС€РёР±РєР° РѕР¶РёРґР°РЅРёСЏ
2021-06-17 00:00:39,505 ERROR      Server_models РћС€РёР±РєР° РѕР¶РёРґР°РЅРёСЏ
2021-06-17 00:00:39,614 ERROR      Server_models РћС€РёР±РєР° РѕР¶РёРґР°РЅРёСЏ
2021-06-17 00:00:39,721 ERROR      Server_models РћС€РёР±РєР° РѕР¶РёРґР°РЅРёСЏ
2021-06-17 00:00:39,831 ERROR      Server_models РћС€РёР±РєР° РѕР¶РёРґР°РЅРёСЏ
2021-06-17 00:00:39,939 ERROR      Server_models РћС€РёР±РєР° РѕР¶РёРґР°РЅРёСЏ
2021-06-17 00:00:40,047 ERROR      Server_models РћС€РёР±РєР° РѕР¶РёРґР°РЅРёСЏ
2021-06-17 00:00:40,156 ERROR      Server_models РћС€РёР±РєР° РѕР¶РёРґР°РЅРёСЏ
2021-06-17 00:00:40,265 ERROR      Server_models РћС€РёР±РєР° РѕР¶РёРґР°РЅРёСЏ
2021-06-17 00:00:40,374 ERROR      Server_models РћС€РёР±РєР° РѕР¶РёРґР°РЅРёСЏ
2021-06-17 00:00:40,483 ERROR      Server_models РћС€РёР±РєР° РѕР¶РёРґР°РЅРёСЏ
2021-06-17 00:00:40,591 ERROR      Server_models РћС€РёР±РєР° РѕР¶РёРґР°РЅРёСЏ
2021-06-17 00:00:40,700 ERROR      Server_models РћС€РёР±РєР° РѕР¶РёРґР°РЅРёСЏ
2021-06-17 00:00:40,809 ERROR      Server_models РћС€РёР±РєР° РѕР¶РёРґР°РЅРёСЏ
2021-06-17 00:00:40,919 ERROR      Server_models РћС€РёР±РєР° РѕР¶РёРґР°РЅРёСЏ
2021-06-17 00:00:41,027 ERROR      Server_models РћС€РёР±РєР° РѕР¶РёРґР°РЅРёСЏ
2021-06-17 00:00:41,136 ERROR      Server_models РћС€РёР±РєР° РѕР¶РёРґР°РЅРёСЏ
2021-06-17 00:00:41,244 ERROR      Server_models РћС€РёР±РєР° РѕР¶РёРґР°РЅРёСЏ
2021-06-17 00:00:41,353 ERROR      Server_models РћС€РёР±РєР° РѕР¶РёРґР°РЅРёСЏ
2021-06-17 00:00:41,462 ERROR      Server_models РћС€РёР±РєР° РѕР¶РёРґР°РЅРёСЏ
2021-06-17 00:00:41,571 ERROR      Server_models РћС€РёР±РєР° РѕР¶РёРґР°РЅРёСЏ
2021-06-17 00:00:41,680 ERROR      Server_models РћС€РёР±РєР° РѕР¶РёРґР°РЅРёСЏ
2021-06-17 00:00:41,789 ERROR      Server_models РћС€РёР±РєР° РѕР¶РёРґР°РЅРёСЏ
2021-06-17 00:00:41,899 ERROR      Server_models РћС€РёР±РєР° РѕР¶РёРґР°РЅРёСЏ
2021-06-17 00:00:42,008 ERROR      Server_models РћС€РёР±РєР° РѕР¶РёРґР°РЅРёСЏ
2021-06-17 00:00:42,117 ERROR      Server_models РћС€РёР±РєР° РѕР¶РёРґР°РЅРёСЏ
2021-06-17 00:00:42,228 ERROR      Server_models РћС€РёР±РєР° РѕР¶РёРґР°РЅРёСЏ
2021-06-17 00:00:42,338 ERROR      Server_models РћС€РёР±РєР° РѕР¶РёРґР°РЅРёСЏ
2021-06-17 00:00:42,448 ERROR      Server_models РћС€РёР±РєР° РѕР¶РёРґР°РЅРёСЏ
2021-06-17 00:00:42,557 ERROR      Server_models РћС€РёР±РєР° РѕР¶РёРґР°РЅРёСЏ
2021-06-17 00:00:42,666 ERROR      Server_models РћС€РёР±РєР° РѕР¶РёРґР°РЅРёСЏ
2021-06-17 00:00:42,777 ERROR      Server_models РћС€РёР±РєР° РѕР¶РёРґР°РЅРёСЏ
2021-06-17 00:00:42,885 ERROR      Server_models РћС€РёР±РєР° РѕР¶РёРґР°РЅРёСЏ
2021-06-17 00:00:42,995 ERROR      Server_models РћС€РёР±РєР° РѕР¶РёРґР°РЅРёСЏ
2021-06-17 00:00:43,103 ERROR      Server_models РћС€РёР±РєР° РѕР¶РёРґР°РЅРёСЏ
2021-06-17 00:00:43,213 ERROR      Server_models РћС€РёР±РєР° РѕР¶РёРґР°РЅРёСЏ
2021-06-17 00:00:43,322 ERROR      Server_models РћС€РёР±РєР° РѕР¶РёРґР°РЅРёСЏ
2021-06-17 00:00:43,430 ERROR      Server_models РћС€РёР±РєР° РѕР¶РёРґР°РЅРёСЏ
2021-06-17 00:00:43,542 ERROR      Server_models РћС€РёР±РєР° РѕР¶РёРґР°РЅРёСЏ
2021-06-17 00:00:43,651 ERROR      Server_models РћС€РёР±РєР° РѕР¶РёРґР°РЅРёСЏ
2021-06-17 00:00:43,759 ERROR      Server_models РћС€РёР±РєР° РѕР¶РёРґР°РЅРёСЏ
2021-06-17 00:00:43,867 ERROR      Server_models РћС€РёР±РєР° РѕР¶РёРґР°РЅРёСЏ
2021-06-17 00:00:43,977 ERROR      Server_models РћС€РёР±РєР° РѕР¶РёРґР°РЅРёСЏ
2021-06-17 00:00:44,086 ERROR      Server_models РћС€РёР±РєР° РѕР¶РёРґР°РЅРёСЏ
2021-06-17 00:00:44,195 ERROR      Server_models РћС€РёР±РєР° РѕР¶РёРґР°РЅРёСЏ
2021-06-17 00:00:44,304 ERROR      Server_models РћС€РёР±РєР° РѕР¶РёРґР°РЅРёСЏ
2021-06-17 00:00:44,412 ERROR      Server_models РћС€РёР±РєР° РѕР¶РёРґР°РЅРёСЏ
2021-06-17 00:00:44,520 ERROR      Server_models РћС€РёР±РєР° РѕР¶РёРґР°РЅРёСЏ
2021-06-17 00:00:44,630 ERROR      Server_models РћС€РёР±РєР° РѕР¶РёРґР°РЅРёСЏ
2021-06-17 00:00:44,739 ERROR      Server_models РћС€РёР±РєР° РѕР¶РёРґР°РЅРёСЏ
2021-06-17 00:00:44,848 ERROR      Server_models РћС€РёР±РєР° РѕР¶РёРґР°РЅРёСЏ
2021-06-17 00:00:44,957 ERROR      Server_models РћС€РёР±РєР° РѕР¶РёРґР°РЅРёСЏ
2021-06-17 00:00:45,066 ERROR      Server_models РћС€РёР±РєР° РѕР¶РёРґР°РЅРёСЏ
2021-06-17 00:00:45,174 ERROR      Server_models РћС€РёР±РєР° РѕР¶РёРґР°РЅРёСЏ
2021-06-17 00:00:45,283 ERROR      Server_models РћС€РёР±РєР° РѕР¶РёРґР°РЅРёСЏ
2021-06-17 00:00:45,391 ERROR      Server_models РћС€РёР±РєР° РѕР¶РёРґР°РЅРёСЏ
2021-06-17 00:00:45,499 ERROR      Server_models РћС€РёР±РєР° РѕР¶РёРґР°РЅРёСЏ
2021-06-17 00:00:45,609 ERROR      Server_models РћС€РёР±РєР° РѕР¶РёРґР°РЅРёСЏ
2021-06-17 00:00:45,718 ERROR      Server_models РћС€РёР±РєР° РѕР¶РёРґР°РЅРёСЏ
2021-06-17 00:00:45,829 ERROR      Server_models РћС€РёР±РєР° РѕР¶РёРґР°РЅРёСЏ
2021-06-17 00:00:45,939 ERROR      Server_models РћС€РёР±РєР° РѕР¶РёРґР°РЅРёСЏ
2021-06-17 00:00:46,047 ERROR      Server_models РћС€РёР±РєР° РѕР¶РёРґР°РЅРёСЏ
2021-06-17 00:00:46,157 ERROR      Server_models РћС€РёР±РєР° РѕР¶РёРґР°РЅРёСЏ
2021-06-17 00:00:46,267 ERROR      Server_models РћС€РёР±РєР° РѕР¶РёРґР°РЅРёСЏ
2021-06-17 00:00:46,375 ERROR      Server_models РћС€РёР±РєР° РѕР¶РёРґР°РЅРёСЏ
2021-06-17 00:00:46,483 ERROR      Server_models РћС€РёР±РєР° РѕР¶РёРґР°РЅРёСЏ
2021-06-17 00:00:46,592 ERROR      Server_models РћС€РёР±РєР° РѕР¶РёРґР°РЅРёСЏ
2021-06-17 00:00:46,701 ERROR      Server_models РћС€РёР±РєР° РѕР¶РёРґР°РЅРёСЏ
2021-06-17 00:00:46,809 ERROR      Server_models РћС€РёР±РєР° РѕР¶РёРґР°РЅРёСЏ
2021-06-17 00:00:46,918 ERROR      Server_models РћС€РёР±РєР° РѕР¶РёРґР°РЅРёСЏ
2021-06-17 00:00:47,027 ERROR      Server_models РћС€РёР±РєР° РѕР¶РёРґР°РЅРёСЏ
2021-06-17 00:00:47,133 ERROR      Server_models РћС€РёР±РєР° РѕР¶РёРґР°РЅРёСЏ
2021-06-17 00:00:47,243 ERROR      Server_models РћС€РёР±РєР° РѕР¶РёРґР°РЅРёСЏ
2021-06-17 00:00:47,351 ERROR      Server_models РћС€РёР±РєР° РѕР¶РёРґР°РЅРёСЏ
2021-06-17 00:00:47,461 ERROR      Server_models РћС€РёР±РєР° РѕР¶РёРґР°РЅРёСЏ
2021-06-17 00:00:47,568 ERROR      Server_models РћС€РёР±РєР° РѕР¶РёРґР°РЅРёСЏ
2021-06-17 00:00:47,679 ERROR      Server_models РћС€РёР±РєР° РѕР¶РёРґР°РЅРёСЏ
2021-06-17 00:00:47,789 ERROR      Server_models РћС€РёР±РєР° РѕР¶РёРґР°РЅРёСЏ
2021-06-17 00:00:47,898 ERROR      Server_models РћС€РёР±РєР° РѕР¶РёРґР°РЅРёСЏ
2021-06-17 00:00:48,006 ERROR      Server_models РћС€РёР±РєР° РѕР¶РёРґР°РЅРёСЏ
2021-06-17 00:00:48,116 ERROR      Server_models РћС€РёР±РєР° РѕР¶РёРґР°РЅРёСЏ
2021-06-17 00:00:48,227 ERROR      Server_models РћС€РёР±РєР° РѕР¶РёРґР°РЅРёСЏ
2021-06-17 00:00:48,336 ERROR      Server_models РћС€РёР±РєР° РѕР¶РёРґР°РЅРёСЏ
2021-06-17 00:00:48,444 ERROR      Server_models РћС€РёР±РєР° РѕР¶РёРґР°РЅРёСЏ
2021-06-17 00:00:48,553 ERROR      Server_models РћС€РёР±РєР° РѕР¶РёРґР°РЅРёСЏ
2021-06-17 00:00:48,661 ERROR      Server_models РћС€РёР±РєР° РѕР¶РёРґР°РЅРёСЏ
2021-06-17 00:00:48,770 ERROR      Server_models РћС€РёР±РєР° РѕР¶РёРґР°РЅРёСЏ
2021-06-17 00:00:48,879 ERROR      Server_models РћС€РёР±РєР° РѕР¶РёРґР°РЅРёСЏ
2021-06-17 00:00:48,988 ERROR      Server_models РћС€РёР±РєР° РѕР¶РёРґР°РЅРёСЏ
2021-06-17 00:00:49,099 ERROR      Server_models РћС€РёР±РєР° РѕР¶РёРґР°РЅРёСЏ
2021-06-17 00:00:49,208 ERROR      Server_models РћС€РёР±РєР° РѕР¶РёРґР°РЅРёСЏ
2021-06-17 00:00:49,317 ERROR      Server_models РћС€РёР±РєР° РѕР¶РёРґР°РЅРёСЏ
2021-06-17 00:00:49,427 ERROR      Server_models РћС€РёР±РєР° РѕР¶РёРґР°РЅРёСЏ
2021-06-17 00:00:49,535 ERROR      Server_models РћС€РёР±РєР° РѕР¶РёРґР°РЅРёСЏ
2021-06-17 00:00:49,643 ERROR      Server_models РћС€РёР±РєР° РѕР¶РёРґР°РЅРёСЏ
2021-06-17 00:00:49,751 ERROR      Server_models РћС€РёР±РєР° РѕР¶РёРґР°РЅРёСЏ
2021-06-17 00:00:49,861 ERROR      Server_models РћС€РёР±РєР° РѕР¶РёРґР°РЅРёСЏ
2021-06-17 00:00:49,971 ERROR      Server_models РћС€РёР±РєР° РѕР¶РёРґР°РЅРёСЏ
2021-06-17 00:00:50,082 ERROR      Server_models РћС€РёР±РєР° РѕР¶РёРґР°РЅРёСЏ
2021-06-17 00:00:50,192 ERROR      Server_models РћС€РёР±РєР° РѕР¶РёРґР°РЅРёСЏ
2021-06-17 00:00:50,302 ERROR      Server_models РћС€РёР±РєР° РѕР¶РёРґР°РЅРёСЏ
2021-06-17 00:00:50,413 ERROR      Server_models РћС€РёР±РєР° РѕР¶РёРґР°РЅРёСЏ
2021-06-17 00:00:50,524 ERROR      Server_models РћС€РёР±РєР° РѕР¶РёРґР°РЅРёСЏ
2021-06-17 00:00:50,632 ERROR      Server_models РћС€РёР±РєР° РѕР¶РёРґР°РЅРёСЏ
2021-06-17 00:00:50,740 ERROR      Server_models РћС€РёР±РєР° РѕР¶РёРґР°РЅРёСЏ
2021-06-17 00:00:50,847 ERROR      Server_models РћС€РёР±РєР° РѕР¶РёРґР°РЅРёСЏ
2021-06-17 00:00:50,956 ERROR      Server_models РћС€РёР±РєР° РѕР¶РёРґР°РЅРёСЏ
2021-06-17 00:00:51,067 ERROR      Server_models РћС€РёР±РєР° РѕР¶РёРґР°РЅРёСЏ
2021-06-17 00:00:51,176 ERROR      Server_models РћС€РёР±РєР° РѕР¶РёРґР°РЅРёСЏ
2021-06-17 00:00:51,284 ERROR      Server_models РћС€РёР±РєР° РѕР¶РёРґР°РЅРёСЏ
2021-06-17 00:00:51,391 ERROR      Server_models РћС€РёР±РєР° РѕР¶РёРґР°РЅРёСЏ
2021-06-17 00:00:51,500 ERROR      Server_models РћС€РёР±РєР° РѕР¶РёРґР°РЅРёСЏ
2021-06-17 00:00:51,608 ERROR      Server_models РћС€РёР±РєР° РѕР¶РёРґР°РЅРёСЏ
2021-06-17 00:00:51,716 ERROR      Server_models РћС€РёР±РєР° РѕР¶РёРґР°РЅРёСЏ
2021-06-17 00:00:51,823 ERROR      Server_models РћС€РёР±РєР° РѕР¶РёРґР°РЅРёСЏ
2021-06-17 00:00:51,931 ERROR      Server_models РћС€РёР±РєР° РѕР¶РёРґР°РЅРёСЏ
2021-06-17 00:00:52,040 ERROR      Server_models РћС€РёР±РєР° РѕР¶РёРґР°РЅРёСЏ
2021-06-17 00:00:52,150 ERROR      Server_models РћС€РёР±РєР° РѕР¶РёРґР°РЅРёСЏ
2021-06-17 00:00:52,259 ERROR      Server_models РћС€РёР±РєР° РѕР¶РёРґР°РЅРёСЏ
2021-06-17 00:00:52,367 ERROR      Server_models РћС€РёР±РєР° РѕР¶РёРґР°РЅРёСЏ
2021-06-17 00:00:52,476 ERROR      Server_models РћС€РёР±РєР° РѕР¶РёРґР°РЅРёСЏ
2021-06-17 00:00:52,584 ERROR      Server_models РћС€РёР±РєР° РѕР¶РёРґР°РЅРёСЏ
2021-06-17 00:00:52,691 ERROR      Server_models РћС€РёР±РєР° РѕР¶РёРґР°РЅРёСЏ
2021-06-17 00:00:52,800 ERROR      Server_models РћС€РёР±РєР° РѕР¶РёРґР°РЅРёСЏ
2021-06-17 00:00:52,908 ERROR      Server_models РћС€РёР±РєР° РѕР¶РёРґР°РЅРёСЏ
2021-06-17 00:00:53,018 ERROR      Server_models РћС€РёР±РєР° РѕР¶РёРґР°РЅРёСЏ
2021-06-17 00:00:53,127 ERROR      Server_models РћС€РёР±РєР° РѕР¶РёРґР°РЅРёСЏ
2021-06-17 00:00:53,236 ERROR      Server_models РћС€РёР±РєР° РѕР¶РёРґР°РЅРёСЏ
2021-06-17 00:00:53,346 ERROR      Server_models РћС€РёР±РєР° РѕР¶РёРґР°РЅРёСЏ
2021-06-17 00:00:53,455 ERROR      Server_models РћС€РёР±РєР° РѕР¶РёРґР°РЅРёСЏ
2021-06-17 00:00:53,564 ERROR      Server_models РћС€РёР±РєР° РѕР¶РёРґР°РЅРёСЏ
2021-06-17 00:00:53,673 ERROR      Server_models РћС€РёР±РєР° РѕР¶РёРґР°РЅРёСЏ
2021-06-17 00:00:53,781 ERROR      Server_models РћС€РёР±РєР° РѕР¶РёРґР°РЅРёСЏ
2021-06-17 00:00:53,892 ERROR      Server_models РћС€РёР±РєР° РѕР¶РёРґР°РЅРёСЏ
2021-06-17 00:00:54,002 ERROR      Server_models РћС€РёР±РєР° РѕР¶РёРґР°РЅРёСЏ
2021-06-17 00:00:54,110 ERROR      Server_models РћС€РёР±РєР° РѕР¶РёРґР°РЅРёСЏ
2021-06-17 00:00:54,218 ERROR      Server_models РћС€РёР±РєР° РѕР¶РёРґР°РЅРёСЏ
2021-06-17 00:00:54,326 ERROR      Server_models РћС€РёР±РєР° РѕР¶РёРґР°РЅРёСЏ
2021-06-17 00:00:54,436 ERROR      Server_models РћС€РёР±РєР° РѕР¶РёРґР°РЅРёСЏ
2021-06-17 00:00:54,545 ERROR      Server_models РћС€РёР±РєР° РѕР¶РёРґР°РЅРёСЏ
2021-06-17 00:00:54,656 ERROR      Server_models РћС€РёР±РєР° РѕР¶РёРґР°РЅРёСЏ
2021-06-17 00:00:54,763 ERROR      Server_models РћС€РёР±РєР° РѕР¶РёРґР°РЅРёСЏ
2021-06-17 00:00:54,871 ERROR      Server_models РћС€РёР±РєР° РѕР¶РёРґР°РЅРёСЏ
2021-06-17 00:00:54,982 ERROR      Server_models РћС€РёР±РєР° РѕР¶РёРґР°РЅРёСЏ
2021-06-17 00:00:55,092 ERROR      Server_models РћС€РёР±РєР° РѕР¶РёРґР°РЅРёСЏ
2021-06-17 00:00:55,200 ERROR      Server_models РћС€РёР±РєР° РѕР¶РёРґР°РЅРёСЏ
2021-06-17 00:00:55,309 ERROR      Server_models РћС€РёР±РєР° РѕР¶РёРґР°РЅРёСЏ
2021-06-17 00:00:55,418 ERROR      Server_models РћС€РёР±РєР° РѕР¶РёРґР°РЅРёСЏ
2021-06-17 00:00:55,528 ERROR      Server_models РћС€РёР±РєР° РѕР¶РёРґР°РЅРёСЏ
2021-06-17 00:00:55,636 ERROR      Server_models РћС€РёР±РєР° РѕР¶РёРґР°РЅРёСЏ
2021-06-17 00:00:55,745 ERROR      Server_models РћС€РёР±РєР° РѕР¶РёРґР°РЅРёСЏ
2021-06-17 00:00:55,853 ERROR      Server_models РћС€РёР±РєР° РѕР¶РёРґР°РЅРёСЏ
2021-06-17 00:00:55,960 ERROR      Server_models РћС€РёР±РєР° РѕР¶РёРґР°РЅРёСЏ
2021-06-17 00:00:56,068 ERROR      Server_models РћС€РёР±РєР° РѕР¶РёРґР°РЅРёСЏ
2021-06-17 00:00:56,177 ERROR      Server_models РћС€РёР±РєР° РѕР¶РёРґР°РЅРёСЏ
2021-06-17 00:00:56,287 ERROR      Server_models РћС€РёР±РєР° РѕР¶РёРґР°РЅРёСЏ
2021-06-17 00:00:56,395 ERROR      Server_models РћС€РёР±РєР° РѕР¶РёРґР°РЅРёСЏ
2021-06-17 00:00:56,504 ERROR      Server_models РћС€РёР±РєР° РѕР¶РёРґР°РЅРёСЏ
2021-06-17 00:00:56,613 ERROR      Server_models РћС€РёР±РєР° РѕР¶РёРґР°РЅРёСЏ
2021-06-17 00:00:56,722 ERROR      Server_models РћС€РёР±РєР° РѕР¶РёРґР°РЅРёСЏ
2021-06-17 00:00:56,831 ERROR      Server_models РћС€РёР±РєР° РѕР¶РёРґР°РЅРёСЏ
2021-06-17 00:00:56,938 ERROR      Server_models РћС€РёР±РєР° РѕР¶РёРґР°РЅРёСЏ
2021-06-17 00:00:57,049 ERROR      Server_models РћС€РёР±РєР° РѕР¶РёРґР°РЅРёСЏ
2021-06-17 00:00:57,158 ERROR      Server_models РћС€РёР±РєР° РѕР¶РёРґР°РЅРёСЏ
2021-06-17 00:00:57,266 ERROR      Server_models РћС€РёР±РєР° РѕР¶РёРґР°РЅРёСЏ
2021-06-17 00:00:57,375 ERROR      Server_models РћС€РёР±РєР° РѕР¶РёРґР°РЅРёСЏ
2021-06-17 00:00:57,484 ERROR      Server_models РћС€РёР±РєР° РѕР¶РёРґР°РЅРёСЏ
2021-06-17 00:00:57,594 ERROR      Server_models РћС€РёР±РєР° РѕР¶РёРґР°РЅРёСЏ
2021-06-17 00:00:57,703 ERROR      Server_models РћС€РёР±РєР° РѕР¶РёРґР°РЅРёСЏ
2021-06-17 00:00:57,813 ERROR      Server_models РћС€РёР±РєР° РѕР¶РёРґР°РЅРёСЏ
2021-06-17 00:00:57,921 ERROR      Server_models РћС€РёР±РєР° РѕР¶РёРґР°РЅРёСЏ
2021-06-17 00:00:58,030 ERROR      Server_models РћС€РёР±РєР° РѕР¶РёРґР°РЅРёСЏ
2021-06-17 00:00:58,139 ERROR      Server_models РћС€РёР±РєР° РѕР¶РёРґР°РЅРёСЏ
2021-06-17 00:00:58,247 ERROR      Server_models РћС€РёР±РєР° РѕР¶РёРґР°РЅРёСЏ
2021-06-17 00:00:58,355 ERROR      Server_models РћС€РёР±РєР° РѕР¶РёРґР°РЅРёСЏ
2021-06-17 00:00:58,464 ERROR      Server_models РћС€РёР±РєР° РѕР¶РёРґР°РЅРёСЏ
2021-06-17 00:00:58,571 ERROR      Server_models РћС€РёР±РєР° РѕР¶РёРґР°РЅРёСЏ
2021-06-17 00:00:58,681 ERROR      Server_models РћС€РёР±РєР° РѕР¶РёРґР°РЅРёСЏ
2021-06-17 00:00:58,789 ERROR      Server_models РћС€РёР±РєР° РѕР¶РёРґР°РЅРёСЏ
2021-06-17 00:00:58,898 ERROR      Server_models РћС€РёР±РєР° РѕР¶РёРґР°РЅРёСЏ
2021-06-17 00:00:59,005 ERROR      Server_models РћС€РёР±РєР° РѕР¶РёРґР°РЅРёСЏ
2021-06-17 00:00:59,114 ERROR      Server_models РћС€РёР±РєР° РѕР¶РёРґР°РЅРёСЏ
2021-06-17 00:00:59,222 ERROR      Server_models РћС€РёР±РєР° РѕР¶РёРґР°РЅРёСЏ
2021-06-17 00:00:59,332 ERROR      Server_models РћС€РёР±РєР° РѕР¶РёРґР°РЅРёСЏ
2021-06-17 00:00:59,440 ERROR      Server_models РћС€РёР±РєР° РѕР¶РёРґР°РЅРёСЏ
2021-06-17 00:00:59,549 ERROR      Server_models РћС€РёР±РєР° РѕР¶РёРґР°РЅРёСЏ
2021-06-17 00:00:59,659 ERROR      Server_models РћС€РёР±РєР° РѕР¶РёРґР°РЅРёСЏ
2021-06-17 00:00:59,768 ERROR      Server_models РћС€РёР±РєР° РѕР¶РёРґР°РЅРёСЏ
2021-06-17 00:00:59,879 ERROR      Server_models РћС€РёР±РєР° РѕР¶РёРґР°РЅРёСЏ
2021-06-17 00:00:59,986 ERROR      Server_models РћС€РёР±РєР° РѕР¶РёРґР°РЅРёСЏ
2021-06-17 00:01:00,097 ERROR      Server_models РћС€РёР±РєР° РѕР¶РёРґР°РЅРёСЏ
2021-06-17 00:01:00,204 ERROR      Server_models РћС€РёР±РєР° РѕР¶РёРґР°РЅРёСЏ
2021-06-17 00:01:00,312 ERROR      Server_models РћС€РёР±РєР° РѕР¶РёРґР°РЅРёСЏ
2021-06-17 00:01:00,421 ERROR      Server_models РћС€РёР±РєР° РѕР¶РёРґР°РЅРёСЏ
2021-06-17 00:01:00,532 ERROR      Server_models РћС€РёР±РєР° РѕР¶РёРґР°РЅРёСЏ
2021-06-17 00:01:00,640 ERROR      Server_models РћС€РёР±РєР° РѕР¶РёРґР°РЅРёСЏ
2021-06-17 00:01:00,747 ERROR      Server_models РћС€РёР±РєР° РѕР¶РёРґР°РЅРёСЏ
2021-06-17 00:01:00,856 ERROR      Server_models РћС€РёР±РєР° РѕР¶РёРґР°РЅРёСЏ
2021-06-17 00:01:00,968 ERROR      Server_models РћС€РёР±РєР° РѕР¶РёРґР°РЅРёСЏ
2021-06-17 00:01:01,076 ERROR      Server_models РћС€РёР±РєР° РѕР¶РёРґР°РЅРёСЏ
2021-06-17 00:01:01,186 ERROR      Server_models РћС€РёР±РєР° РѕР¶РёРґР°РЅРёСЏ
2021-06-17 00:01:01,295 ERROR      Server_models РћС€РёР±РєР° РѕР¶РёРґР°РЅРёСЏ
2021-06-17 00:01:01,407 ERROR      Server_models РћС€РёР±РєР° РѕР¶РёРґР°РЅРёСЏ
2021-06-17 00:01:01,516 ERROR      Server_models РћС€РёР±РєР° РѕР¶РёРґР°РЅРёСЏ
2021-06-17 00:01:01,625 ERROR      Server_models РћС€РёР±РєР° РѕР¶РёРґР°РЅРёСЏ
2021-06-17 00:01:01,735 ERROR      Server_models РћС€РёР±РєР° РѕР¶РёРґР°РЅРёСЏ
2021-06-17 00:01:01,845 ERROR      Server_models РћС€РёР±РєР° РѕР¶РёРґР°РЅРёСЏ
2021-06-17 00:01:01,954 ERROR      Server_models РћС€РёР±РєР° РѕР¶РёРґР°РЅРёСЏ
2021-06-17 00:01:02,063 ERROR      Server_models РћС€РёР±РєР° РѕР¶РёРґР°РЅРёСЏ
2021-06-17 00:01:02,172 ERROR      Server_models РћС€РёР±РєР° РѕР¶РёРґР°РЅРёСЏ
2021-06-17 00:01:02,280 ERROR      Server_models РћС€РёР±РєР° РѕР¶РёРґР°РЅРёСЏ
2021-06-17 00:01:02,389 ERROR      Server_models РћС€РёР±РєР° РѕР¶РёРґР°РЅРёСЏ
2021-06-17 00:01:02,499 ERROR      Server_models РћС€РёР±РєР° РѕР¶РёРґР°РЅРёСЏ
2021-06-17 00:01:02,607 ERROR      Server_models РћС€РёР±РєР° РѕР¶РёРґР°РЅРёСЏ
2021-06-17 00:01:02,716 ERROR      Server_models РћС€РёР±РєР° РѕР¶РёРґР°РЅРёСЏ
2021-06-17 00:01:02,824 ERROR      Server_models РћС€РёР±РєР° РѕР¶РёРґР°РЅРёСЏ
2021-06-17 00:01:02,931 ERROR      Server_models РћС€РёР±РєР° РѕР¶РёРґР°РЅРёСЏ
2021-06-17 00:01:03,039 ERROR      Server_models РћС€РёР±РєР° РѕР¶РёРґР°РЅРёСЏ
2021-06-17 00:01:03,148 ERROR      Server_models РћС€РёР±РєР° РѕР¶РёРґР°РЅРёСЏ
2021-06-17 00:01:03,258 ERROR      Server_models РћС€РёР±РєР° РѕР¶РёРґР°РЅРёСЏ
2021-06-17 00:01:03,367 ERROR      Server_models РћС€РёР±РєР° РѕР¶РёРґР°РЅРёСЏ
2021-06-17 00:01:03,475 ERROR      Server_models РћС€РёР±РєР° РѕР¶РёРґР°РЅРёСЏ
2021-06-17 00:01:03,583 ERROR      Server_models РћС€РёР±РєР° РѕР¶РёРґР°РЅРёСЏ
2021-06-17 00:01:03,693 ERROR      Server_models РћС€РёР±РєР° РѕР¶РёРґР°РЅРёСЏ
2021-06-17 00:01:03,804 ERROR      Server_models РћС€РёР±РєР° РѕР¶РёРґР°РЅРёСЏ
2021-06-17 00:01:03,910 ERROR      Server_models РћС€РёР±РєР° РѕР¶РёРґР°РЅРёСЏ
2021-06-17 00:01:04,018 ERROR      Server_models РћС€РёР±РєР° РѕР¶РёРґР°РЅРёСЏ
2021-06-17 00:01:04,127 ERROR      Server_models РћС€РёР±РєР° РѕР¶РёРґР°РЅРёСЏ
2021-06-17 00:01:04,235 ERROR      Server_models РћС€РёР±РєР° РѕР¶РёРґР°РЅРёСЏ
2021-06-17 00:01:04,345 ERROR      Server_models РћС€РёР±РєР° РѕР¶РёРґР°РЅРёСЏ
2021-06-17 00:01:04,452 ERROR      Server_models РћС€РёР±РєР° РѕР¶РёРґР°РЅРёСЏ
2021-06-17 00:01:04,562 ERROR      Server_models РћС€РёР±РєР° РѕР¶РёРґР°РЅРёСЏ
2021-06-17 00:01:04,672 ERROR      Server_models РћС€РёР±РєР° РѕР¶РёРґР°РЅРёСЏ
2021-06-17 00:01:04,781 ERROR      Server_models РћС€РёР±РєР° РѕР¶РёРґР°РЅРёСЏ
2021-06-17 00:01:04,889 ERROR      Server_models РћС€РёР±РєР° РѕР¶РёРґР°РЅРёСЏ
2021-06-17 00:01:04,998 ERROR      Server_models РћС€РёР±РєР° РѕР¶РёРґР°РЅРёСЏ
2021-06-17 00:01:05,107 ERROR      Server_models РћС€РёР±РєР° РѕР¶РёРґР°РЅРёСЏ
2021-06-17 00:01:05,216 ERROR      Server_models РћС€РёР±РєР° РѕР¶РёРґР°РЅРёСЏ
2021-06-17 00:01:05,326 ERROR      Server_models РћС€РёР±РєР° РѕР¶РёРґР°РЅРёСЏ
2021-06-17 00:01:05,435 ERROR      Server_models РћС€РёР±РєР° РѕР¶РёРґР°РЅРёСЏ
2021-06-17 00:01:05,546 ERROR      Server_models РћС€РёР±РєР° РѕР¶РёРґР°РЅРёСЏ
2021-06-17 00:01:05,655 ERROR      Server_models РћС€РёР±РєР° РѕР¶РёРґР°РЅРёСЏ
2021-06-17 00:01:05,765 ERROR      Server_models РћС€РёР±РєР° РѕР¶РёРґР°РЅРёСЏ
2021-06-17 00:01:05,873 ERROR      Server_models РћС€РёР±РєР° РѕР¶РёРґР°РЅРёСЏ
2021-06-17 00:01:05,981 ERROR      Server_models РћС€РёР±РєР° РѕР¶РёРґР°РЅРёСЏ
2021-06-17 00:01:06,092 ERROR      Server_models РћС€РёР±РєР° РѕР¶РёРґР°РЅРёСЏ
2021-06-17 00:01:06,200 ERROR      Server_models РћС€РёР±РєР° РѕР¶РёРґР°РЅРёСЏ
2021-06-17 00:01:06,309 ERROR      Server_models РћС€РёР±РєР° РѕР¶РёРґР°РЅРёСЏ
2021-06-17 00:01:06,418 ERROR      Server_models РћС€РёР±РєР° РѕР¶РёРґР°РЅРёСЏ
2021-06-17 00:01:06,527 ERROR      Server_models РћС€РёР±РєР° РѕР¶РёРґР°РЅРёСЏ
2021-06-17 00:01:06,637 ERROR      Server_models РћС€РёР±РєР° РѕР¶РёРґР°РЅРёСЏ
2021-06-17 00:01:06,748 ERROR      Server_models РћС€РёР±РєР° РѕР¶РёРґР°РЅРёСЏ
2021-06-17 00:01:06,857 ERROR      Server_models РћС€РёР±РєР° РѕР¶РёРґР°РЅРёСЏ
2021-06-17 00:01:06,965 ERROR      Server_models РћС€РёР±РєР° РѕР¶РёРґР°РЅРёСЏ
2021-06-17 00:01:07,072 ERROR      Server_models РћС€РёР±РєР° РѕР¶РёРґР°РЅРёСЏ
2021-06-17 00:01:07,182 ERROR      Server_models РћС€РёР±РєР° РѕР¶РёРґР°РЅРёСЏ
2021-06-17 00:01:07,289 ERROR      Server_models РћС€РёР±РєР° РѕР¶РёРґР°РЅРёСЏ
2021-06-17 00:01:07,399 ERROR      Server_models РћС€РёР±РєР° РѕР¶РёРґР°РЅРёСЏ
2021-06-17 00:01:07,509 ERROR      Server_models РћС€РёР±РєР° РѕР¶РёРґР°РЅРёСЏ
2021-06-17 00:01:07,617 ERROR      Server_models РћС€РёР±РєР° РѕР¶РёРґР°РЅРёСЏ
2021-06-17 00:01:07,724 ERROR      Server_models РћС€РёР±РєР° РѕР¶РёРґР°РЅРёСЏ
2021-06-17 00:01:07,833 ERROR      Server_models РћС€РёР±РєР° РѕР¶РёРґР°РЅРёСЏ
2021-06-17 00:01:07,941 ERROR      Server_models РћС€РёР±РєР° РѕР¶РёРґР°РЅРёСЏ
2021-06-17 00:01:08,051 ERROR      Server_models РћС€РёР±РєР° РѕР¶РёРґР°РЅРёСЏ
2021-06-17 00:01:08,160 ERROR      Server_models РћС€РёР±РєР° РѕР¶РёРґР°РЅРёСЏ
2021-06-17 00:01:08,268 ERROR      Server_models РћС€РёР±РєР° РѕР¶РёРґР°РЅРёСЏ
2021-06-17 00:01:08,376 ERROR      Server_models РћС€РёР±РєР° РѕР¶РёРґР°РЅРёСЏ
2021-06-17 00:01:08,484 ERROR      Server_models РћС€РёР±РєР° РѕР¶РёРґР°РЅРёСЏ
2021-06-17 00:01:08,593 ERROR      Server_models РћС€РёР±РєР° РѕР¶РёРґР°РЅРёСЏ
2021-06-17 00:01:08,702 ERROR      Server_models РћС€РёР±РєР° РѕР¶РёРґР°РЅРёСЏ
2021-06-17 00:01:08,810 ERROR      Server_models РћС€РёР±РєР° РѕР¶РёРґР°РЅРёСЏ
2021-06-17 00:01:08,918 ERROR      Server_models РћС€РёР±РєР° РѕР¶РёРґР°РЅРёСЏ
2021-06-17 00:01:09,027 ERROR      Server_models РћС€РёР±РєР° РѕР¶РёРґР°РЅРёСЏ
2021-06-17 00:01:09,137 ERROR      Server_models РћС€РёР±РєР° РѕР¶РёРґР°РЅРёСЏ
2021-06-17 00:01:09,246 ERROR      Server_models РћС€РёР±РєР° РѕР¶РёРґР°РЅРёСЏ
2021-06-17 00:01:09,356 ERROR      Server_models РћС€РёР±РєР° РѕР¶РёРґР°РЅРёСЏ
2021-06-17 00:01:09,465 ERROR      Server_models РћС€РёР±РєР° РѕР¶РёРґР°РЅРёСЏ
2021-06-17 00:01:09,574 ERROR      Server_models РћС€РёР±РєР° РѕР¶РёРґР°РЅРёСЏ
2021-06-17 00:01:09,682 ERROR      Server_models РћС€РёР±РєР° РѕР¶РёРґР°РЅРёСЏ
2021-06-17 00:01:09,793 ERROR      Server_models РћС€РёР±РєР° РѕР¶РёРґР°РЅРёСЏ
2021-06-17 00:01:09,902 ERROR      Server_models РћС€РёР±РєР° РѕР¶РёРґР°РЅРёСЏ
2021-06-17 00:01:10,011 ERROR      Server_models РћС€РёР±РєР° РѕР¶РёРґР°РЅРёСЏ
2021-06-17 00:01:10,119 ERROR      Server_models РћС€РёР±РєР° РѕР¶РёРґР°РЅРёСЏ
2021-06-17 00:01:10,228 ERROR      Server_models РћС€РёР±РєР° РѕР¶РёРґР°РЅРёСЏ
2021-06-17 00:01:10,336 ERROR      Server_models РћС€РёР±РєР° РѕР¶РёРґР°РЅРёСЏ
2021-06-17 00:01:10,446 ERROR      Server_models РћС€РёР±РєР° РѕР¶РёРґР°РЅРёСЏ
2021-06-17 00:01:10,554 ERROR      Server_models РћС€РёР±РєР° РѕР¶РёРґР°РЅРёСЏ
2021-06-17 00:01:10,664 ERROR      Server_models РћС€РёР±РєР° РѕР¶РёРґР°РЅРёСЏ
2021-06-17 00:01:10,772 ERROR      Server_models РћС€РёР±РєР° РѕР¶РёРґР°РЅРёСЏ
2021-06-17 00:01:10,881 ERROR      Server_models РћС€РёР±РєР° РѕР¶РёРґР°РЅРёСЏ
2021-06-17 00:01:10,988 ERROR      Server_models РћС€РёР±РєР° РѕР¶РёРґР°РЅРёСЏ
2021-06-17 00:01:11,095 ERROR      Server_models РћС€РёР±РєР° РѕР¶РёРґР°РЅРёСЏ
2021-06-17 00:01:11,206 ERROR      Server_models РћС€РёР±РєР° РѕР¶РёРґР°РЅРёСЏ
2021-06-17 00:01:11,315 ERROR      Server_models РћС€РёР±РєР° РѕР¶РёРґР°РЅРёСЏ
2021-06-17 00:01:11,425 ERROR      Server_models РћС€РёР±РєР° РѕР¶РёРґР°РЅРёСЏ
2021-06-17 00:01:11,532 ERROR      Server_models РћС€РёР±РєР° РѕР¶РёРґР°РЅРёСЏ
2021-06-17 00:01:11,643 ERROR      Server_models РћС€РёР±РєР° РѕР¶РёРґР°РЅРёСЏ
2021-06-17 00:01:11,752 ERROR      Server_models РћС€РёР±РєР° РѕР¶РёРґР°РЅРёСЏ
2021-06-17 00:01:11,861 ERROR      Server_models РћС€РёР±РєР° РѕР¶РёРґР°РЅРёСЏ
2021-06-17 00:01:11,969 ERROR      Server_models РћС€РёР±РєР° РѕР¶РёРґР°РЅРёСЏ
2021-06-17 00:01:12,079 ERROR      Server_models РћС€РёР±РєР° РѕР¶РёРґР°РЅРёСЏ
2021-06-17 00:01:12,187 ERROR      Server_models РћС€РёР±РєР° РѕР¶РёРґР°РЅРёСЏ
2021-06-17 00:01:12,297 ERROR      Server_models РћС€РёР±РєР° РѕР¶РёРґР°РЅРёСЏ
2021-06-17 00:01:12,406 ERROR      Server_models РћС€РёР±РєР° РѕР¶РёРґР°РЅРёСЏ
2021-06-17 00:01:12,517 ERROR      Server_models РћС€РёР±РєР° РѕР¶РёРґР°РЅРёСЏ
2021-06-17 00:01:12,626 ERROR      Server_models РћС€РёР±РєР° РѕР¶РёРґР°РЅРёСЏ
2021-06-17 00:01:12,735 ERROR      Server_models РћС€РёР±РєР° РѕР¶РёРґР°РЅРёСЏ
2021-06-17 00:01:12,842 ERROR      Server_models РћС€РёР±РєР° РѕР¶РёРґР°РЅРёСЏ
2021-06-17 00:01:12,950 ERROR      Server_models РћС€РёР±РєР° РѕР¶РёРґР°РЅРёСЏ
2021-06-17 00:01:13,060 ERROR      Server_models РћС€РёР±РєР° РѕР¶РёРґР°РЅРёСЏ
2021-06-17 00:01:13,169 ERROR      Server_models РћС€РёР±РєР° РѕР¶РёРґР°РЅРёСЏ
2021-06-17 00:01:13,278 ERROR      Server_models РћС€РёР±РєР° РѕР¶РёРґР°РЅРёСЏ
2021-06-17 00:01:13,387 ERROR      Server_models РћС€РёР±РєР° РѕР¶РёРґР°РЅРёСЏ
2021-06-17 00:01:13,496 ERROR      Server_models РћС€РёР±РєР° РѕР¶РёРґР°РЅРёСЏ
2021-06-17 00:01:13,607 ERROR      Server_models РћС€РёР±РєР° РѕР¶РёРґР°РЅРёСЏ
2021-06-17 00:01:13,714 ERROR      Server_models РћС€РёР±РєР° РѕР¶РёРґР°РЅРёСЏ
2021-06-17 00:01:13,823 ERROR      Server_models РћС€РёР±РєР° РѕР¶РёРґР°РЅРёСЏ
2021-06-17 00:01:13,932 ERROR      Server_models РћС€РёР±РєР° РѕР¶РёРґР°РЅРёСЏ
2021-06-17 00:01:14,042 ERROR      Server_models РћС€РёР±РєР° РѕР¶РёРґР°РЅРёСЏ
2021-06-17 00:01:14,151 ERROR      Server_models РћС€РёР±РєР° РѕР¶РёРґР°РЅРёСЏ
2021-06-17 00:01:14,261 ERROR      Server_models РћС€РёР±РєР° РѕР¶РёРґР°РЅРёСЏ
2021-06-17 00:01:14,371 ERROR      Server_models РћС€РёР±РєР° РѕР¶РёРґР°РЅРёСЏ
2021-06-17 00:01:14,480 ERROR      Server_models РћС€РёР±РєР° РѕР¶РёРґР°РЅРёСЏ
2021-06-17 00:01:14,589 ERROR      Server_models РћС€РёР±РєР° РѕР¶РёРґР°РЅРёСЏ
2021-06-17 00:01:14,701 ERROR      Server_models РћС€РёР±РєР° РѕР¶РёРґР°РЅРёСЏ
2021-06-17 00:01:14,809 ERROR      Server_models РћС€РёР±РєР° РѕР¶РёРґР°РЅРёСЏ
2021-06-17 00:01:14,918 ERROR      Server_models РћС€РёР±РєР° РѕР¶РёРґР°РЅРёСЏ
2021-06-17 00:01:15,027 ERROR      Server_models РћС€РёР±РєР° РѕР¶РёРґР°РЅРёСЏ
2021-06-17 00:01:15,138 ERROR      Server_models РћС€РёР±РєР° РѕР¶РёРґР°РЅРёСЏ
2021-06-17 00:01:15,247 ERROR      Server_models РћС€РёР±РєР° РѕР¶РёРґР°РЅРёСЏ
2021-06-17 00:01:15,356 ERROR      Server_models РћС€РёР±РєР° РѕР¶РёРґР°РЅРёСЏ
2021-06-17 00:01:15,467 ERROR      Server_models РћС€РёР±РєР° РѕР¶РёРґР°РЅРёСЏ
